<?xml version="1.0" encoding="utf-8"?>
<!DOCTYPE coverage SYSTEM "http://cobertura.sourceforge.net/xml/coverage-04.dtd">
<coverage line-rate="0.955801104972376" branch-rate="0.977777777777778" lines-covered="346" lines-valid="362" branches-covered="88" branches-valid="90" complexity="120" version="0" timestamp="1707355464">
  <sources>
    <source>D:\Shubham Mali\Projects\CIG test\Solution\Git\MinesweeperApp\</source>
    <source>C:\</source>
  </sources>
  <packages>
    <package name="MineSweeper" line-rate="0.936708860759494" branch-rate="0.977777777777778" complexity="106">
      <classes>
        <class name="MineSweeper.Controllers.GameController" filename="D:\Shubham Mali\Projects\CIG test\Solution\Git\MinesweeperApp\MineSweeper\Controllers\GameController.cs" line-rate="0.989583333333333" branch-rate="0.977272727272727" complexity="46">
          <methods>
            <method name="StartNewGame" signature="()" line-rate="0.956521739130435" branch-rate="0.833333333333333" complexity="6">
              <lines>
                <line number="34" hits="5" branch="false" />
                <line number="35" hits="5" branch="false" />
                <line number="37" hits="5" branch="false" />
                <line number="38" hits="5" branch="false" />
                <line number="41" hits="5" branch="false" />
                <line number="43" hits="5" branch="true" condition-coverage="100% (2/2)" />
                <line number="44" hits="5" branch="false" />
                <line number="45" hits="5" branch="false" />
                <line number="46" hits="5" branch="false" />
                <line number="47" hits="5" branch="false" />
                <line number="48" hits="5" branch="false" />
                <line number="50" hits="5" branch="false" />
                <line number="52" hits="5" branch="true" condition-coverage="100% (2/2)" />
                <line number="53" hits="4" branch="false" />
                <line number="54" hits="4" branch="false" />
                <line number="55" hits="4" branch="false" />
                <line number="57" hits="1" branch="true" condition-coverage="50% (1/2)" />
                <line number="58" hits="1" branch="false" />
                <line number="59" hits="1" branch="false" />
                <line number="60" hits="1" branch="false" />
                <line number="61" hits="1" branch="false" />
                <line number="63" hits="0" branch="false" />
                <line number="64" hits="5" branch="false" />
              </lines>
            </method>
            <method name="GetGridSize" signature="()" line-rate="1" branch-rate="1" complexity="12">
              <lines>
                <line number="71" hits="5" branch="false" />
                <line number="78" hits="8" branch="false" />
                <line number="79" hits="8" branch="false" />
                <line number="80" hits="8" branch="true" condition-coverage="100% (2/2)" />
                <line number="81" hits="7" branch="false" />
                <line number="82" hits="7" branch="true" condition-coverage="100% (2/2)" />
                <line number="83" hits="1" branch="false" />
                <line number="84" hits="1" branch="false" />
                <line number="85" hits="1" branch="false" />
                <line number="86" hits="6" branch="true" condition-coverage="100% (2/2)" />
                <line number="87" hits="1" branch="false" />
                <line number="88" hits="1" branch="false" />
                <line number="89" hits="1" branch="false" />
                <line number="90" hits="7" branch="false" />
                <line number="92" hits="1" branch="false" />
                <line number="93" hits="1" branch="false" />
                <line number="94" hits="1" branch="false" />
                <line number="95" hits="16" branch="true" condition-coverage="100% (6/6)" />
                <line number="97" hits="5" branch="false" />
                <line number="98" hits="5" branch="false" />
              </lines>
            </method>
            <method name="GetNumberOfMines" signature="(...)" line-rate="1" branch-rate="1" complexity="12">
              <lines>
                <line number="106" hits="5" branch="false" />
                <line number="107" hits="5" branch="false" />
                <line number="109" hits="5" branch="false" />
                <line number="113" hits="8" branch="false" />
                <line number="114" hits="8" branch="false" />
                <line number="116" hits="8" branch="true" condition-coverage="100% (2/2)" />
                <line number="117" hits="7" branch="false" />
                <line number="118" hits="7" branch="true" condition-coverage="100% (2/2)" />
                <line number="119" hits="1" branch="false" />
                <line number="120" hits="1" branch="false" />
                <line number="121" hits="1" branch="false" />
                <line number="122" hits="6" branch="true" condition-coverage="100% (2/2)" />
                <line number="123" hits="1" branch="false" />
                <line number="124" hits="1" branch="false" />
                <line number="125" hits="1" branch="false" />
                <line number="126" hits="7" branch="false" />
                <line number="128" hits="1" branch="false" />
                <line number="129" hits="1" branch="false" />
                <line number="130" hits="1" branch="false" />
                <line number="131" hits="16" branch="true" condition-coverage="100% (6/6)" />
                <line number="133" hits="5" branch="false" />
                <line number="134" hits="5" branch="false" />
              </lines>
            </method>
            <method name="DisplayMinefield" signature="()" line-rate="1" branch-rate="1" complexity="1">
              <lines>
                <line number="137" hits="6" branch="false" />
                <line number="138" hits="6" branch="false" />
                <line number="139" hits="6" branch="false" />
                <line number="140" hits="6" branch="false" />
              </lines>
            </method>
            <method name="GetSelectedCell" signature="()" line-rate="1" branch-rate="1" complexity="14">
              <lines>
                <line number="147" hits="5" branch="false" />
                <line number="148" hits="5" branch="false" />
                <line number="151" hits="5" branch="false" />
                <line number="153" hits="11" branch="false" />
                <line number="154" hits="11" branch="false" />
                <line number="155" hits="11" branch="false" />
                <line number="157" hits="11" branch="true" condition-coverage="100% (2/2)" />
                <line number="158" hits="11" branch="true" condition-coverage="100% (2/2)" />
                <line number="159" hits="2" branch="false" />
                <line number="160" hits="2" branch="false" />
                <line number="161" hits="2" branch="false" />
                <line number="164" hits="9" branch="false" />
                <line number="165" hits="9" branch="false" />
                <line number="167" hits="9" branch="true" condition-coverage="100% (6/6)" />
                <line number="169" hits="9" branch="true" condition-coverage="100% (2/2)" />
                <line number="170" hits="4" branch="false" />
                <line number="171" hits="4" branch="false" />
                <line number="172" hits="4" branch="false" />
                <line number="175" hits="5" branch="false" />
                <line number="177" hits="16" branch="true" condition-coverage="100% (2/2)" />
                <line number="179" hits="5" branch="false" />
                <line number="180" hits="5" branch="false" />
              </lines>
            </method>
            <method name=".ctor" signature="(...)" line-rate="1" branch-rate="1" complexity="1">
              <lines>
                <line number="24" hits="5" branch="false" />
                <line number="25" hits="5" branch="false" />
                <line number="26" hits="5" branch="false" />
                <line number="27" hits="5" branch="false" />
                <line number="28" hits="5" branch="false" />
              </lines>
            </method>
          </methods>
          <lines>
            <line number="24" hits="5" branch="false" />
            <line number="25" hits="5" branch="false" />
            <line number="26" hits="5" branch="false" />
            <line number="27" hits="5" branch="false" />
            <line number="28" hits="5" branch="false" />
            <line number="34" hits="5" branch="false" />
            <line number="35" hits="5" branch="false" />
            <line number="37" hits="5" branch="false" />
            <line number="38" hits="5" branch="false" />
            <line number="41" hits="5" branch="false" />
            <line number="43" hits="5" branch="true" condition-coverage="100% (2/2)" />
            <line number="44" hits="5" branch="false" />
            <line number="45" hits="5" branch="false" />
            <line number="46" hits="5" branch="false" />
            <line number="47" hits="5" branch="false" />
            <line number="48" hits="5" branch="false" />
            <line number="50" hits="5" branch="false" />
            <line number="52" hits="5" branch="true" condition-coverage="100% (2/2)" />
            <line number="53" hits="4" branch="false" />
            <line number="54" hits="4" branch="false" />
            <line number="55" hits="4" branch="false" />
            <line number="57" hits="1" branch="true" condition-coverage="50% (1/2)" />
            <line number="58" hits="1" branch="false" />
            <line number="59" hits="1" branch="false" />
            <line number="60" hits="1" branch="false" />
            <line number="61" hits="1" branch="false" />
            <line number="63" hits="0" branch="false" />
            <line number="64" hits="5" branch="false" />
            <line number="71" hits="5" branch="false" />
            <line number="78" hits="8" branch="false" />
            <line number="79" hits="8" branch="false" />
            <line number="80" hits="8" branch="true" condition-coverage="100% (2/2)" />
            <line number="81" hits="7" branch="false" />
            <line number="82" hits="7" branch="true" condition-coverage="100% (2/2)" />
            <line number="83" hits="1" branch="false" />
            <line number="84" hits="1" branch="false" />
            <line number="85" hits="1" branch="false" />
            <line number="86" hits="6" branch="true" condition-coverage="100% (2/2)" />
            <line number="87" hits="1" branch="false" />
            <line number="88" hits="1" branch="false" />
            <line number="89" hits="1" branch="false" />
            <line number="90" hits="7" branch="false" />
            <line number="92" hits="1" branch="false" />
            <line number="93" hits="1" branch="false" />
            <line number="94" hits="1" branch="false" />
            <line number="95" hits="16" branch="true" condition-coverage="100% (6/6)" />
            <line number="97" hits="5" branch="false" />
            <line number="98" hits="5" branch="false" />
            <line number="106" hits="5" branch="false" />
            <line number="107" hits="5" branch="false" />
            <line number="109" hits="5" branch="false" />
            <line number="113" hits="8" branch="false" />
            <line number="114" hits="8" branch="false" />
            <line number="116" hits="8" branch="true" condition-coverage="100% (2/2)" />
            <line number="117" hits="7" branch="false" />
            <line number="118" hits="7" branch="true" condition-coverage="100% (2/2)" />
            <line number="119" hits="1" branch="false" />
            <line number="120" hits="1" branch="false" />
            <line number="121" hits="1" branch="false" />
            <line number="122" hits="6" branch="true" condition-coverage="100% (2/2)" />
            <line number="123" hits="1" branch="false" />
            <line number="124" hits="1" branch="false" />
            <line number="125" hits="1" branch="false" />
            <line number="126" hits="7" branch="false" />
            <line number="128" hits="1" branch="false" />
            <line number="129" hits="1" branch="false" />
            <line number="130" hits="1" branch="false" />
            <line number="131" hits="16" branch="true" condition-coverage="100% (6/6)" />
            <line number="133" hits="5" branch="false" />
            <line number="134" hits="5" branch="false" />
            <line number="137" hits="6" branch="false" />
            <line number="138" hits="6" branch="false" />
            <line number="139" hits="6" branch="false" />
            <line number="140" hits="6" branch="false" />
            <line number="147" hits="5" branch="false" />
            <line number="148" hits="5" branch="false" />
            <line number="151" hits="5" branch="false" />
            <line number="153" hits="11" branch="false" />
            <line number="154" hits="11" branch="false" />
            <line number="155" hits="11" branch="false" />
            <line number="157" hits="11" branch="true" condition-coverage="100% (2/2)" />
            <line number="158" hits="11" branch="true" condition-coverage="100% (2/2)" />
            <line number="159" hits="2" branch="false" />
            <line number="160" hits="2" branch="false" />
            <line number="161" hits="2" branch="false" />
            <line number="164" hits="9" branch="false" />
            <line number="165" hits="9" branch="false" />
            <line number="167" hits="9" branch="true" condition-coverage="100% (6/6)" />
            <line number="169" hits="9" branch="true" condition-coverage="100% (2/2)" />
            <line number="170" hits="4" branch="false" />
            <line number="171" hits="4" branch="false" />
            <line number="172" hits="4" branch="false" />
            <line number="175" hits="5" branch="false" />
            <line number="177" hits="16" branch="true" condition-coverage="100% (2/2)" />
            <line number="179" hits="5" branch="false" />
            <line number="180" hits="5" branch="false" />
          </lines>
        </class>
        <class name="MineSweeper.Models.MinesweeperGame" filename="D:\Shubham Mali\Projects\CIG test\Solution\Git\MinesweeperApp\MineSweeper\Models\MinesweeperGame.cs" line-rate="1" branch-rate="0.978260869565217" complexity="50">
          <methods>
            <method name="get_GridSize" signature="()" line-rate="1" branch-rate="1" complexity="1">
              <lines>
                <line number="22" hits="2" branch="false" />
              </lines>
            </method>
            <method name="Initialize" signature="(...)" line-rate="1" branch-rate="1" complexity="1">
              <lines>
                <line number="30" hits="8" branch="false" />
                <line number="31" hits="8" branch="false" />
                <line number="32" hits="8" branch="false" />
                <line number="33" hits="8" branch="false" />
                <line number="34" hits="8" branch="false" />
                <line number="35" hits="8" branch="false" />
                <line number="36" hits="8" branch="false" />
                <line number="38" hits="8" branch="false" />
                <line number="39" hits="8" branch="false" />
                <line number="40" hits="8" branch="false" />
              </lines>
            </method>
            <method name="InitializeMines" signature="()" line-rate="1" branch-rate="1" complexity="4">
              <lines>
                <line number="46" hits="8" branch="false" />
                <line number="47" hits="8" branch="false" />
                <line number="48" hits="8" branch="false" />
                <line number="50" hits="88" branch="true" condition-coverage="100% (2/2)" />
                <line number="51" hits="80" branch="false" />
                <line number="52" hits="80" branch="false" />
                <line number="53" hits="80" branch="false" />
                <line number="55" hits="80" branch="true" condition-coverage="100% (2/2)" />
                <line number="56" hits="25" branch="false" />
                <line number="57" hits="25" branch="false" />
                <line number="58" hits="25" branch="false" />
                <line number="59" hits="25" branch="false" />
                <line number="60" hits="80" branch="false" />
                <line number="61" hits="8" branch="false" />
              </lines>
            </method>
            <method name="PrecomputeAdjacentMineCounts" signature="()" line-rate="1" branch-rate="1" complexity="6">
              <lines>
                <line number="67" hits="8" branch="false" />
                <line number="68" hits="64" branch="true" condition-coverage="100% (2/2)" />
                <line number="69" hits="24" branch="false" />
                <line number="70" hits="192" branch="true" condition-coverage="100% (2/2)" />
                <line number="71" hits="72" branch="false" />
                <line number="72" hits="97" branch="true" condition-coverage="100% (2/2)" />
                <line number="73" hits="47" branch="false" />
                <line number="74" hits="47" branch="false" />
                <line number="75" hits="24" branch="false" />
                <line number="76" hits="8" branch="false" />
              </lines>
            </method>
            <method name="CountAdjacentMines" signature="(...)" line-rate="1" branch-rate="1" complexity="10">
              <lines>
                <line number="85" hits="47" branch="false" />
                <line number="86" hits="47" branch="false" />
                <line number="87" hits="312" branch="true" condition-coverage="100% (2/2)" />
                <line number="88" hits="109" branch="false" />
                <line number="89" hits="720" branch="true" condition-coverage="100% (2/2)" />
                <line number="90" hits="251" branch="false" />
                <line number="91" hits="298" branch="true" condition-coverage="100% (4/4)" />
                <line number="92" hits="232" branch="true" condition-coverage="100% (2/2)" />
                <line number="93" hits="204" branch="false" />
                <line number="94" hits="109" branch="false" />
                <line number="95" hits="47" branch="false" />
                <line number="96" hits="47" branch="false" />
              </lines>
            </method>
            <method name="RevealCell" signature="(...)" line-rate="1" branch-rate="1" complexity="6">
              <lines>
                <line number="104" hits="29" branch="false" />
                <line number="105" hits="29" branch="true" condition-coverage="100% (2/2)" />
                <line number="108" hits="29" branch="true" condition-coverage="100% (2/2)" />
                <line number="109" hits="2" branch="false" />
                <line number="110" hits="2" branch="false" />
                <line number="111" hits="2" branch="false" />
                <line number="113" hits="27" branch="false" />
                <line number="114" hits="27" branch="false" />
                <line number="115" hits="27" branch="false" />
                <line number="118" hits="27" branch="true" condition-coverage="100% (2/2)" />
                <line number="119" hits="27" branch="false" />
                <line number="120" hits="27" branch="false" />
                <line number="121" hits="27" branch="false" />
                <line number="122" hits="27" branch="false" />
                <line number="123" hits="29" branch="false" />
              </lines>
            </method>
            <method name="RevealAdjacentCells" signature="(...)" line-rate="1" branch-rate="1" complexity="10">
              <lines>
                <line number="131" hits="27" branch="false" />
                <line number="132" hits="180" branch="true" condition-coverage="100% (2/2)" />
                <line number="133" hits="63" branch="false" />
                <line number="134" hits="420" branch="true" condition-coverage="100% (2/2)" />
                <line number="135" hits="147" branch="false" />
                <line number="136" hits="174" branch="true" condition-coverage="100% (4/4)" />
                <line number="137" hits="120" branch="true" condition-coverage="100% (2/2)" />
                <line number="138" hits="24" branch="false" />
                <line number="139" hits="120" branch="false" />
                <line number="140" hits="63" branch="false" />
                <line number="141" hits="27" branch="false" />
              </lines>
            </method>
            <method name="IsGameOver" signature="()" line-rate="1" branch-rate="1" complexity="1">
              <lines>
                <line number="144" hits="2" branch="false" />
                <line number="145" hits="2" branch="false" />
                <line number="146" hits="2" branch="false" />
              </lines>
            </method>
            <method name="IsGameWon" signature="()" line-rate="1" branch-rate="1" complexity="1">
              <lines>
                <line number="149" hits="2" branch="false" />
                <line number="150" hits="2" branch="false" />
                <line number="151" hits="2" branch="false" />
              </lines>
            </method>
            <method name="GetMinefieldDisplay" signature="()" line-rate="1" branch-rate="0.9" complexity="10">
              <lines>
                <line number="158" hits="2" branch="false" />
                <line number="159" hits="2" branch="false" />
                <line number="160" hits="16" branch="true" condition-coverage="100% (2/2)" />
                <line number="161" hits="6" branch="false" />
                <line number="162" hits="6" branch="false" />
                <line number="163" hits="6" branch="false" />
                <line number="164" hits="2" branch="false" />
                <line number="166" hits="16" branch="true" condition-coverage="100% (2/2)" />
                <line number="167" hits="6" branch="false" />
                <line number="168" hits="6" branch="false" />
                <line number="169" hits="48" branch="true" condition-coverage="100% (2/2)" />
                <line number="170" hits="18" branch="false" />
                <line number="171" hits="18" branch="true" condition-coverage="100% (2/2)" />
                <line number="172" hits="9" branch="false" />
                <line number="173" hits="9" branch="true" condition-coverage="50% (1/2)" />
                <line number="174" hits="9" branch="false" />
                <line number="176" hits="9" branch="false" />
                <line number="177" hits="9" branch="false" />
                <line number="178" hits="9" branch="false" />
                <line number="179" hits="18" branch="false" />
                <line number="180" hits="18" branch="false" />
                <line number="181" hits="6" branch="false" />
                <line number="182" hits="6" branch="false" />
                <line number="183" hits="2" branch="false" />
                <line number="185" hits="2" branch="false" />
                <line number="186" hits="2" branch="false" />
              </lines>
            </method>
          </methods>
          <lines>
            <line number="22" hits="2" branch="false" />
            <line number="30" hits="8" branch="false" />
            <line number="31" hits="8" branch="false" />
            <line number="32" hits="8" branch="false" />
            <line number="33" hits="8" branch="false" />
            <line number="34" hits="8" branch="false" />
            <line number="35" hits="8" branch="false" />
            <line number="36" hits="8" branch="false" />
            <line number="38" hits="8" branch="false" />
            <line number="39" hits="8" branch="false" />
            <line number="40" hits="8" branch="false" />
            <line number="46" hits="8" branch="false" />
            <line number="47" hits="8" branch="false" />
            <line number="48" hits="8" branch="false" />
            <line number="50" hits="88" branch="true" condition-coverage="100% (2/2)" />
            <line number="51" hits="80" branch="false" />
            <line number="52" hits="80" branch="false" />
            <line number="53" hits="80" branch="false" />
            <line number="55" hits="80" branch="true" condition-coverage="100% (2/2)" />
            <line number="56" hits="25" branch="false" />
            <line number="57" hits="25" branch="false" />
            <line number="58" hits="25" branch="false" />
            <line number="59" hits="25" branch="false" />
            <line number="60" hits="80" branch="false" />
            <line number="61" hits="8" branch="false" />
            <line number="67" hits="8" branch="false" />
            <line number="68" hits="64" branch="true" condition-coverage="100% (2/2)" />
            <line number="69" hits="24" branch="false" />
            <line number="70" hits="192" branch="true" condition-coverage="100% (2/2)" />
            <line number="71" hits="72" branch="false" />
            <line number="72" hits="97" branch="true" condition-coverage="100% (2/2)" />
            <line number="73" hits="47" branch="false" />
            <line number="74" hits="47" branch="false" />
            <line number="75" hits="24" branch="false" />
            <line number="76" hits="8" branch="false" />
            <line number="85" hits="47" branch="false" />
            <line number="86" hits="47" branch="false" />
            <line number="87" hits="312" branch="true" condition-coverage="100% (2/2)" />
            <line number="88" hits="109" branch="false" />
            <line number="89" hits="720" branch="true" condition-coverage="100% (2/2)" />
            <line number="90" hits="251" branch="false" />
            <line number="91" hits="298" branch="true" condition-coverage="100% (4/4)" />
            <line number="92" hits="232" branch="true" condition-coverage="100% (2/2)" />
            <line number="93" hits="204" branch="false" />
            <line number="94" hits="109" branch="false" />
            <line number="95" hits="47" branch="false" />
            <line number="96" hits="47" branch="false" />
            <line number="104" hits="29" branch="false" />
            <line number="105" hits="29" branch="true" condition-coverage="100% (2/2)" />
            <line number="108" hits="29" branch="true" condition-coverage="100% (2/2)" />
            <line number="109" hits="2" branch="false" />
            <line number="110" hits="2" branch="false" />
            <line number="111" hits="2" branch="false" />
            <line number="113" hits="27" branch="false" />
            <line number="114" hits="27" branch="false" />
            <line number="115" hits="27" branch="false" />
            <line number="118" hits="27" branch="true" condition-coverage="100% (2/2)" />
            <line number="119" hits="27" branch="false" />
            <line number="120" hits="27" branch="false" />
            <line number="121" hits="27" branch="false" />
            <line number="122" hits="27" branch="false" />
            <line number="123" hits="29" branch="false" />
            <line number="131" hits="27" branch="false" />
            <line number="132" hits="180" branch="true" condition-coverage="100% (2/2)" />
            <line number="133" hits="63" branch="false" />
            <line number="134" hits="420" branch="true" condition-coverage="100% (2/2)" />
            <line number="135" hits="147" branch="false" />
            <line number="136" hits="174" branch="true" condition-coverage="100% (4/4)" />
            <line number="137" hits="120" branch="true" condition-coverage="100% (2/2)" />
            <line number="138" hits="24" branch="false" />
            <line number="139" hits="120" branch="false" />
            <line number="140" hits="63" branch="false" />
            <line number="141" hits="27" branch="false" />
            <line number="144" hits="2" branch="false" />
            <line number="145" hits="2" branch="false" />
            <line number="146" hits="2" branch="false" />
            <line number="149" hits="2" branch="false" />
            <line number="150" hits="2" branch="false" />
            <line number="151" hits="2" branch="false" />
            <line number="158" hits="2" branch="false" />
            <line number="159" hits="2" branch="false" />
            <line number="160" hits="16" branch="true" condition-coverage="100% (2/2)" />
            <line number="161" hits="6" branch="false" />
            <line number="162" hits="6" branch="false" />
            <line number="163" hits="6" branch="false" />
            <line number="164" hits="2" branch="false" />
            <line number="166" hits="16" branch="true" condition-coverage="100% (2/2)" />
            <line number="167" hits="6" branch="false" />
            <line number="168" hits="6" branch="false" />
            <line number="169" hits="48" branch="true" condition-coverage="100% (2/2)" />
            <line number="170" hits="18" branch="false" />
            <line number="171" hits="18" branch="true" condition-coverage="100% (2/2)" />
            <line number="172" hits="9" branch="false" />
            <line number="173" hits="9" branch="true" condition-coverage="50% (1/2)" />
            <line number="174" hits="9" branch="false" />
            <line number="176" hits="9" branch="false" />
            <line number="177" hits="9" branch="false" />
            <line number="178" hits="9" branch="false" />
            <line number="179" hits="18" branch="false" />
            <line number="180" hits="18" branch="false" />
            <line number="181" hits="6" branch="false" />
            <line number="182" hits="6" branch="false" />
            <line number="183" hits="2" branch="false" />
            <line number="185" hits="2" branch="false" />
            <line number="186" hits="2" branch="false" />
          </lines>
        </class>
        <class name="MineSweeper.Services.MinesweeperService" filename="D:\Shubham Mali\Projects\CIG test\Solution\Git\MinesweeperApp\MineSweeper\Services\MinesweeperService.cs" line-rate="1" branch-rate="1" complexity="7">
          <methods>
            <method name="InitializeGame" signature="(...)" line-rate="1" branch-rate="1" complexity="1">
              <lines>
                <line number="24" hits="1" branch="false" />
                <line number="25" hits="1" branch="false" />
                <line number="26" hits="1" branch="false" />
              </lines>
            </method>
            <method name="RevealCell" signature="(...)" line-rate="1" branch-rate="1" complexity="1">
              <lines>
                <line number="29" hits="2" branch="false" />
                <line number="30" hits="2" branch="false" />
                <line number="31" hits="2" branch="false" />
              </lines>
            </method>
            <method name="IsGameOver" signature="()" line-rate="1" branch-rate="1" complexity="1">
              <lines>
                <line number="34" hits="1" branch="false" />
                <line number="35" hits="1" branch="false" />
                <line number="36" hits="1" branch="false" />
              </lines>
            </method>
            <method name="IsGameWon" signature="()" line-rate="1" branch-rate="1" complexity="1">
              <lines>
                <line number="39" hits="1" branch="false" />
                <line number="40" hits="1" branch="false" />
                <line number="41" hits="1" branch="false" />
              </lines>
            </method>
            <method name="GetMinefieldDisplay" signature="()" line-rate="1" branch-rate="1" complexity="1">
              <lines>
                <line number="44" hits="1" branch="false" />
                <line number="45" hits="1" branch="false" />
                <line number="46" hits="1" branch="false" />
              </lines>
            </method>
            <method name="GetGridSize" signature="()" line-rate="1" branch-rate="1" complexity="1">
              <lines>
                <line number="49" hits="1" branch="false" />
                <line number="50" hits="1" branch="false" />
                <line number="51" hits="1" branch="false" />
              </lines>
            </method>
            <method name=".ctor" signature="(...)" line-rate="1" branch-rate="1" complexity="1">
              <lines>
                <line number="18" hits="4" branch="false" />
                <line number="19" hits="4" branch="false" />
                <line number="20" hits="4" branch="false" />
                <line number="21" hits="4" branch="false" />
              </lines>
            </method>
          </methods>
          <lines>
            <line number="18" hits="4" branch="false" />
            <line number="19" hits="4" branch="false" />
            <line number="20" hits="4" branch="false" />
            <line number="21" hits="4" branch="false" />
            <line number="24" hits="1" branch="false" />
            <line number="25" hits="1" branch="false" />
            <line number="26" hits="1" branch="false" />
            <line number="29" hits="2" branch="false" />
            <line number="30" hits="2" branch="false" />
            <line number="31" hits="2" branch="false" />
            <line number="34" hits="1" branch="false" />
            <line number="35" hits="1" branch="false" />
            <line number="36" hits="1" branch="false" />
            <line number="39" hits="1" branch="false" />
            <line number="40" hits="1" branch="false" />
            <line number="41" hits="1" branch="false" />
            <line number="44" hits="1" branch="false" />
            <line number="45" hits="1" branch="false" />
            <line number="46" hits="1" branch="false" />
            <line number="49" hits="1" branch="false" />
            <line number="50" hits="1" branch="false" />
            <line number="51" hits="1" branch="false" />
          </lines>
        </class>
        <class name="MineSweeper.Views.ConsoleView" filename="D:\Shubham Mali\Projects\CIG test\Solution\Git\MinesweeperApp\MineSweeper\Views\ConsoleView.cs" line-rate="0" branch-rate="1" complexity="2">
          <methods>
            <method name="DisplayMessage" signature="(...)" line-rate="0" branch-rate="1" complexity="1">
              <lines>
                <line number="15" hits="0" branch="false" />
                <line number="16" hits="0" branch="false" />
                <line number="17" hits="0" branch="false" />
              </lines>
            </method>
            <method name="GetUserInput" signature="()" line-rate="0" branch-rate="1" complexity="1">
              <lines>
                <line number="20" hits="0" branch="false" />
                <line number="21" hits="0" branch="false" />
                <line number="22" hits="0" branch="false" />
              </lines>
            </method>
          </methods>
          <lines>
            <line number="15" hits="0" branch="false" />
            <line number="16" hits="0" branch="false" />
            <line number="17" hits="0" branch="false" />
            <line number="20" hits="0" branch="false" />
            <line number="21" hits="0" branch="false" />
            <line number="22" hits="0" branch="false" />
          </lines>
        </class>
        <class name="MinesweeperApp.Program" filename="D:\Shubham Mali\Projects\CIG test\Solution\Git\MinesweeperApp\MineSweeper\Program.cs" line-rate="0" branch-rate="1" complexity="1">
          <methods>
            <method name="Main" signature="(...)" line-rate="0" branch-rate="1" complexity="1">
              <lines>
                <line number="13" hits="0" branch="false" />
                <line number="15" hits="0" branch="false" />
                <line number="16" hits="0" branch="false" />
                <line number="19" hits="0" branch="false" />
                <line number="20" hits="0" branch="false" />
                <line number="22" hits="0" branch="false" />
                <line number="23" hits="0" branch="false" />
                <line number="24" hits="0" branch="false" />
              </lines>
            </method>
          </methods>
          <lines>
            <line number="13" hits="0" branch="false" />
            <line number="15" hits="0" branch="false" />
            <line number="16" hits="0" branch="false" />
            <line number="19" hits="0" branch="false" />
            <line number="20" hits="0" branch="false" />
            <line number="22" hits="0" branch="false" />
            <line number="23" hits="0" branch="false" />
            <line number="24" hits="0" branch="false" />
          </lines>
        </class>
      </classes>
    </package>
    <package name="MineSweeper.Tests" line-rate="0.992" branch-rate="1" complexity="14">
      <classes>
        <class name="AutoGeneratedProgram" filename="C:\Users\p1346539\.nuget\packages\microsoft.net.test.sdk\17.1.0\build\netcoreapp2.1\Microsoft.NET.Test.Sdk.Program.cs" line-rate="0" branch-rate="1" complexity="1">
          <methods>
            <method name="Main" signature="(...)" line-rate="0" branch-rate="1" complexity="1">
              <lines>
                <line number="4" hits="0" branch="false" />
              </lines>
            </method>
          </methods>
          <lines>
            <line number="4" hits="0" branch="false" />
          </lines>
        </class>
        <class name="MineSweeper.Tests.GameControllerTests" filename="D:\Shubham Mali\Projects\CIG test\Solution\Git\MinesweeperApp\MineSweeper.Tests\GameControllerTests.cs" line-rate="1" branch-rate="1" complexity="5">
          <methods>
            <method name="GameController_StartNewGame_GameOver_DisplayGameOverMessage" signature="()" line-rate="1" branch-rate="1" complexity="1">
              <lines>
                <line number="20" hits="1" branch="false" />
                <line number="22" hits="1" branch="false" />
                <line number="23" hits="1" branch="false" />
                <line number="24" hits="1" branch="false" />
                <line number="26" hits="1" branch="false" />
                <line number="27" hits="1" branch="false" />
                <line number="28" hits="1" branch="false" />
                <line number="29" hits="1" branch="false" />
                <line number="31" hits="1" branch="false" />
                <line number="34" hits="1" branch="false" />
                <line number="37" hits="1" branch="false" />
                <line number="38" hits="1" branch="false" />
              </lines>
            </method>
            <method name="GameController_StartNewGame_GameWon_DisplayGameWonMessage" signature="()" line-rate="1" branch-rate="1" complexity="1">
              <lines>
                <line number="42" hits="1" branch="false" />
                <line number="44" hits="1" branch="false" />
                <line number="45" hits="1" branch="false" />
                <line number="46" hits="1" branch="false" />
                <line number="48" hits="1" branch="false" />
                <line number="49" hits="1" branch="false" />
                <line number="50" hits="1" branch="false" />
                <line number="51" hits="1" branch="false" />
                <line number="52" hits="1" branch="false" />
                <line number="54" hits="1" branch="false" />
                <line number="57" hits="1" branch="false" />
                <line number="60" hits="1" branch="false" />
                <line number="61" hits="1" branch="false" />
              </lines>
            </method>
            <method name="GameController_StartNewGame_GetSelectedCell_DisplayIncorrectInput" signature="()" line-rate="1" branch-rate="1" complexity="1">
              <lines>
                <line number="65" hits="1" branch="false" />
                <line number="67" hits="1" branch="false" />
                <line number="68" hits="1" branch="false" />
                <line number="69" hits="1" branch="false" />
                <line number="70" hits="1" branch="false" />
                <line number="71" hits="1" branch="false" />
                <line number="72" hits="1" branch="false" />
                <line number="74" hits="1" branch="false" />
                <line number="75" hits="1" branch="false" />
                <line number="76" hits="1" branch="false" />
                <line number="77" hits="1" branch="false" />
                <line number="79" hits="1" branch="false" />
                <line number="82" hits="1" branch="false" />
                <line number="85" hits="1" branch="false" />
                <line number="86" hits="1" branch="false" />
              </lines>
            </method>
            <method name="GameController_StartNewGame_GetGridSize_DisplayIncorrectInput" signature="()" line-rate="1" branch-rate="1" complexity="1">
              <lines>
                <line number="90" hits="1" branch="false" />
                <line number="92" hits="1" branch="false" />
                <line number="93" hits="1" branch="false" />
                <line number="94" hits="1" branch="false" />
                <line number="95" hits="1" branch="false" />
                <line number="96" hits="1" branch="false" />
                <line number="98" hits="1" branch="false" />
                <line number="99" hits="1" branch="false" />
                <line number="100" hits="1" branch="false" />
                <line number="101" hits="1" branch="false" />
                <line number="103" hits="1" branch="false" />
                <line number="106" hits="1" branch="false" />
                <line number="109" hits="1" branch="false" />
                <line number="110" hits="1" branch="false" />
                <line number="111" hits="1" branch="false" />
                <line number="112" hits="1" branch="false" />
              </lines>
            </method>
            <method name="GameController_StartNewGame_GetNumberOfMines_DisplayIncorrectInput" signature="()" line-rate="1" branch-rate="1" complexity="1">
              <lines>
                <line number="116" hits="1" branch="false" />
                <line number="118" hits="1" branch="false" />
                <line number="119" hits="1" branch="false" />
                <line number="120" hits="1" branch="false" />
                <line number="121" hits="1" branch="false" />
                <line number="122" hits="1" branch="false" />
                <line number="123" hits="1" branch="false" />
                <line number="125" hits="1" branch="false" />
                <line number="126" hits="1" branch="false" />
                <line number="127" hits="1" branch="false" />
                <line number="128" hits="1" branch="false" />
                <line number="130" hits="1" branch="false" />
                <line number="133" hits="1" branch="false" />
                <line number="136" hits="1" branch="false" />
                <line number="137" hits="1" branch="false" />
                <line number="138" hits="1" branch="false" />
                <line number="139" hits="1" branch="false" />
              </lines>
            </method>
          </methods>
          <lines>
            <line number="20" hits="1" branch="false" />
            <line number="22" hits="1" branch="false" />
            <line number="23" hits="1" branch="false" />
            <line number="24" hits="1" branch="false" />
            <line number="26" hits="1" branch="false" />
            <line number="27" hits="1" branch="false" />
            <line number="28" hits="1" branch="false" />
            <line number="29" hits="1" branch="false" />
            <line number="31" hits="1" branch="false" />
            <line number="34" hits="1" branch="false" />
            <line number="37" hits="1" branch="false" />
            <line number="38" hits="1" branch="false" />
            <line number="42" hits="1" branch="false" />
            <line number="44" hits="1" branch="false" />
            <line number="45" hits="1" branch="false" />
            <line number="46" hits="1" branch="false" />
            <line number="48" hits="1" branch="false" />
            <line number="49" hits="1" branch="false" />
            <line number="50" hits="1" branch="false" />
            <line number="51" hits="1" branch="false" />
            <line number="52" hits="1" branch="false" />
            <line number="54" hits="1" branch="false" />
            <line number="57" hits="1" branch="false" />
            <line number="60" hits="1" branch="false" />
            <line number="61" hits="1" branch="false" />
            <line number="65" hits="1" branch="false" />
            <line number="67" hits="1" branch="false" />
            <line number="68" hits="1" branch="false" />
            <line number="69" hits="1" branch="false" />
            <line number="70" hits="1" branch="false" />
            <line number="71" hits="1" branch="false" />
            <line number="72" hits="1" branch="false" />
            <line number="74" hits="1" branch="false" />
            <line number="75" hits="1" branch="false" />
            <line number="76" hits="1" branch="false" />
            <line number="77" hits="1" branch="false" />
            <line number="79" hits="1" branch="false" />
            <line number="82" hits="1" branch="false" />
            <line number="85" hits="1" branch="false" />
            <line number="86" hits="1" branch="false" />
            <line number="90" hits="1" branch="false" />
            <line number="92" hits="1" branch="false" />
            <line number="93" hits="1" branch="false" />
            <line number="94" hits="1" branch="false" />
            <line number="95" hits="1" branch="false" />
            <line number="96" hits="1" branch="false" />
            <line number="98" hits="1" branch="false" />
            <line number="99" hits="1" branch="false" />
            <line number="100" hits="1" branch="false" />
            <line number="101" hits="1" branch="false" />
            <line number="103" hits="1" branch="false" />
            <line number="106" hits="1" branch="false" />
            <line number="109" hits="1" branch="false" />
            <line number="110" hits="1" branch="false" />
            <line number="111" hits="1" branch="false" />
            <line number="112" hits="1" branch="false" />
            <line number="116" hits="1" branch="false" />
            <line number="118" hits="1" branch="false" />
            <line number="119" hits="1" branch="false" />
            <line number="120" hits="1" branch="false" />
            <line number="121" hits="1" branch="false" />
            <line number="122" hits="1" branch="false" />
            <line number="123" hits="1" branch="false" />
            <line number="125" hits="1" branch="false" />
            <line number="126" hits="1" branch="false" />
            <line number="127" hits="1" branch="false" />
            <line number="128" hits="1" branch="false" />
            <line number="130" hits="1" branch="false" />
            <line number="133" hits="1" branch="false" />
            <line number="136" hits="1" branch="false" />
            <line number="137" hits="1" branch="false" />
            <line number="138" hits="1" branch="false" />
            <line number="139" hits="1" branch="false" />
          </lines>
        </class>
        <class name="MineSweeper.Tests.MinesweeperGameTests" filename="D:\Shubham Mali\Projects\CIG test\Solution\Git\MinesweeperApp\MineSweeper.Tests\MinesweeperGameTests.cs" line-rate="1" branch-rate="1" complexity="4">
          <methods>
            <method name="MinesweeperGame_Initialize_ValidInputs_Success" signature="()" line-rate="1" branch-rate="1" complexity="1">
              <lines>
                <line number="16" hits="1" branch="false" />
                <line number="18" hits="1" branch="false" />
                <line number="21" hits="1" branch="false" />
                <line number="24" hits="1" branch="false" />
                <line number="25" hits="1" branch="false" />
              </lines>
            </method>
            <method name="MinesweeperGame_RevealCell_MineAtCell_GameOver" signature="()" line-rate="1" branch-rate="1" complexity="1">
              <lines>
                <line number="29" hits="1" branch="false" />
                <line number="31" hits="1" branch="false" />
                <line number="32" hits="1" branch="false" />
                <line number="35" hits="1" branch="false" />
                <line number="38" hits="1" branch="false" />
                <line number="39" hits="1" branch="false" />
              </lines>
            </method>
            <method name="MinesweeperGame_RevealCell_MineAtCell_GameWon" signature="()" line-rate="1" branch-rate="1" complexity="1">
              <lines>
                <line number="43" hits="1" branch="false" />
                <line number="45" hits="1" branch="false" />
                <line number="46" hits="1" branch="false" />
                <line number="49" hits="1" branch="false" />
                <line number="52" hits="1" branch="false" />
                <line number="53" hits="1" branch="false" />
              </lines>
            </method>
            <method name="MinesweeperGame_GetMinefieldDisplay_ReturnsCorrectDisplay" signature="()" line-rate="1" branch-rate="1" complexity="1">
              <lines>
                <line number="57" hits="1" branch="false" />
                <line number="59" hits="1" branch="false" />
                <line number="60" hits="1" branch="false" />
                <line number="63" hits="1" branch="false" />
                <line number="66" hits="1" branch="false" />
                <line number="69" hits="1" branch="false" />
                <line number="70" hits="1" branch="false" />
              </lines>
            </method>
          </methods>
          <lines>
            <line number="16" hits="1" branch="false" />
            <line number="18" hits="1" branch="false" />
            <line number="21" hits="1" branch="false" />
            <line number="24" hits="1" branch="false" />
            <line number="25" hits="1" branch="false" />
            <line number="29" hits="1" branch="false" />
            <line number="31" hits="1" branch="false" />
            <line number="32" hits="1" branch="false" />
            <line number="35" hits="1" branch="false" />
            <line number="38" hits="1" branch="false" />
            <line number="39" hits="1" branch="false" />
            <line number="43" hits="1" branch="false" />
            <line number="45" hits="1" branch="false" />
            <line number="46" hits="1" branch="false" />
            <line number="49" hits="1" branch="false" />
            <line number="52" hits="1" branch="false" />
            <line number="53" hits="1" branch="false" />
            <line number="57" hits="1" branch="false" />
            <line number="59" hits="1" branch="false" />
            <line number="60" hits="1" branch="false" />
            <line number="63" hits="1" branch="false" />
            <line number="66" hits="1" branch="false" />
            <line number="69" hits="1" branch="false" />
            <line number="70" hits="1" branch="false" />
          </lines>
        </class>
        <class name="MineSweeper.Tests.MinesweeperServiceTests" filename="D:\Shubham Mali\Projects\CIG test\Solution\Git\MinesweeperApp\MineSweeper.Tests\MinesweeperServiceTests.cs" line-rate="1" branch-rate="1" complexity="4">
          <methods>
            <method name="MinesweeperService_InitializeGame_ValidInputs_Success" signature="()" line-rate="1" branch-rate="1" complexity="1">
              <lines>
                <line number="17" hits="1" branch="false" />
                <line number="19" hits="1" branch="false" />
                <line number="20" hits="1" branch="false" />
                <line number="23" hits="1" branch="false" />
                <line number="26" hits="1" branch="false" />
                <line number="27" hits="1" branch="false" />
              </lines>
            </method>
            <method name="MinesweeperService_RevealCell_MineAtCell" signature="()" line-rate="1" branch-rate="1" complexity="1">
              <lines>
                <line number="31" hits="1" branch="false" />
                <line number="34" hits="1" branch="false" />
                <line number="35" hits="1" branch="false" />
                <line number="36" hits="1" branch="false" />
                <line number="39" hits="1" branch="false" />
                <line number="42" hits="1" branch="false" />
                <line number="43" hits="1" branch="false" />
              </lines>
            </method>
            <method name="MinesweeperService_RevealCell_NoMineAtCell" signature="()" line-rate="1" branch-rate="1" complexity="1">
              <lines>
                <line number="47" hits="1" branch="false" />
                <line number="50" hits="1" branch="false" />
                <line number="51" hits="1" branch="false" />
                <line number="52" hits="1" branch="false" />
                <line number="55" hits="1" branch="false" />
                <line number="58" hits="1" branch="false" />
                <line number="59" hits="1" branch="false" />
              </lines>
            </method>
            <method name="MinesweeperService_GetMinefieldDisplay_ReturnsCorrectDisplay" signature="()" line-rate="1" branch-rate="1" complexity="1">
              <lines>
                <line number="63" hits="1" branch="false" />
                <line number="65" hits="1" branch="false" />
                <line number="66" hits="1" branch="false" />
                <line number="67" hits="1" branch="false" />
                <line number="70" hits="1" branch="false" />
                <line number="73" hits="1" branch="false" />
                <line number="74" hits="1" branch="false" />
              </lines>
            </method>
          </methods>
          <lines>
            <line number="17" hits="1" branch="false" />
            <line number="19" hits="1" branch="false" />
            <line number="20" hits="1" branch="false" />
            <line number="23" hits="1" branch="false" />
            <line number="26" hits="1" branch="false" />
            <line number="27" hits="1" branch="false" />
            <line number="31" hits="1" branch="false" />
            <line number="34" hits="1" branch="false" />
            <line number="35" hits="1" branch="false" />
            <line number="36" hits="1" branch="false" />
            <line number="39" hits="1" branch="false" />
            <line number="42" hits="1" branch="false" />
            <line number="43" hits="1" branch="false" />
            <line number="47" hits="1" branch="false" />
            <line number="50" hits="1" branch="false" />
            <line number="51" hits="1" branch="false" />
            <line number="52" hits="1" branch="false" />
            <line number="55" hits="1" branch="false" />
            <line number="58" hits="1" branch="false" />
            <line number="59" hits="1" branch="false" />
            <line number="63" hits="1" branch="false" />
            <line number="65" hits="1" branch="false" />
            <line number="66" hits="1" branch="false" />
            <line number="67" hits="1" branch="false" />
            <line number="70" hits="1" branch="false" />
            <line number="73" hits="1" branch="false" />
            <line number="74" hits="1" branch="false" />
          </lines>
        </class>
      </classes>
    </package>
  </packages>
</coverage>