TpTrace Verbose: 0 : 14088, 1, 2024/02/08, 01:24:20.080, 246929229038, vstest.console.dll, Version: 17.7.2-release-23423-01 Current process architecture: X64
TpTrace Verbose: 0 : 14088, 1, 2024/02/08, 01:24:20.082, 246929252568, vstest.console.dll, Runtime location: C:\Program Files\dotnet\shared\Microsoft.NETCore.App\7.0.13
TpTrace Verbose: 0 : 14088, 1, 2024/02/08, 01:24:20.089, 246929315397, vstest.console.dll, ArtifactProcessingPostProcessModeProcessorExecutor.Initialize: ArtifactProcessingMode.Collect
TpTrace Verbose: 0 : 14088, 1, 2024/02/08, 01:24:20.089, 246929318301, vstest.console.dll, TestSessionCorrelationIdProcessorModeProcessorExecutor.Initialize: TestSessionCorrelationId '16860_2471218f-9fe6-4d02-a984-aedcb25459a8'
TpTrace Information: 0 : 14088, 1, 2024/02/08, 01:24:20.101, 246929436701, vstest.console.dll, FilePatternParser: The given file D:\Shubham Mali\Projects\CIG test\Solution\Git\MinesweeperApp\MineSweeper.Tests\bin\Debug\net6.0\fine-code-coverage\build-output\MineSweeper.Tests.dll is a full path.
TpTrace Verbose: 0 : 14088, 1, 2024/02/08, 01:24:20.111, 246929537356, vstest.console.dll, TestPluginCache.DiscoverTestExtensions: finding test extensions in assemblies ends with: RuntimeProvider.dll TPluginInfo: Microsoft.VisualStudio.TestPlatform.Common.ExtensionFramework.Utilities.TestRuntimePluginInformation TExtension: Microsoft.VisualStudio.TestPlatform.ObjectModel.Host.ITestRuntimeProvider
TpTrace Verbose: 0 : 14088, 1, 2024/02/08, 01:24:20.111, 246929542632, vstest.console.dll, TestPluginCache.GetExtensionPaths: Filtered extension paths: 
TpTrace Verbose: 0 : 14088, 1, 2024/02/08, 01:24:20.111, 246929543950, vstest.console.dll, TestPluginCache.GetExtensionPaths: Added default extension paths: C:\Program Files\dotnet\sdk\7.0.403\Extensions\Microsoft.Diagnostics.NETCore.Client.dll
C:\Program Files\dotnet\sdk\7.0.403\Extensions\Microsoft.TestPlatform.Extensions.BlameDataCollector.dll
C:\Program Files\dotnet\sdk\7.0.403\Extensions\Microsoft.TestPlatform.Extensions.EventLogCollector.dll
C:\Program Files\dotnet\sdk\7.0.403\Extensions\Microsoft.TestPlatform.TestHostRuntimeProvider.dll
C:\Program Files\dotnet\sdk\7.0.403\Extensions\Microsoft.VisualStudio.TestPlatform.Extensions.Html.TestLogger.dll
C:\Program Files\dotnet\sdk\7.0.403\Extensions\Microsoft.VisualStudio.TestPlatform.Extensions.Trx.TestLogger.dll
TpTrace Verbose: 0 : 14088, 1, 2024/02/08, 01:24:20.111, 246929544683, vstest.console.dll, TestPluginCache.GetExtensionPaths: Added unfilterableExtensionPaths: 
TpTrace Information: 0 : 14088, 1, 2024/02/08, 01:24:20.112, 246929553849, vstest.console.dll, AssemblyResolver.ctor: Creating AssemblyResolver with searchDirectories C:\Program Files\dotnet\sdk\7.0.403\Extensions,C:\Program Files\dotnet\sdk\7.0.403
TpTrace Verbose: 0 : 14088, 1, 2024/02/08, 01:24:20.115, 246929576590, vstest.console.dll, TestPluginCache.DiscoverTestExtensions: Discovering the extensions using extension path.
TpTrace Verbose: 0 : 14088, 1, 2024/02/08, 01:24:20.115, 246929578468, vstest.console.dll, TestPluginCache.GetExtensionPaths: Filtered extension paths: 
TpTrace Verbose: 0 : 14088, 1, 2024/02/08, 01:24:20.115, 246929579232, vstest.console.dll, TestPluginCache.GetExtensionPaths: Added default extension paths: C:\Program Files\dotnet\sdk\7.0.403\Extensions\Microsoft.Diagnostics.NETCore.Client.dll
C:\Program Files\dotnet\sdk\7.0.403\Extensions\Microsoft.TestPlatform.Extensions.BlameDataCollector.dll
C:\Program Files\dotnet\sdk\7.0.403\Extensions\Microsoft.TestPlatform.Extensions.EventLogCollector.dll
C:\Program Files\dotnet\sdk\7.0.403\Extensions\Microsoft.TestPlatform.TestHostRuntimeProvider.dll
C:\Program Files\dotnet\sdk\7.0.403\Extensions\Microsoft.VisualStudio.TestPlatform.Extensions.Html.TestLogger.dll
C:\Program Files\dotnet\sdk\7.0.403\Extensions\Microsoft.VisualStudio.TestPlatform.Extensions.Trx.TestLogger.dll
TpTrace Verbose: 0 : 14088, 1, 2024/02/08, 01:24:20.115, 246929579906, vstest.console.dll, TestPluginCache.GetExtensionPaths: Added unfilterableExtensionPaths: 
TpTrace Verbose: 0 : 14088, 1, 2024/02/08, 01:24:20.115, 246929581509, vstest.console.dll, TestPluginCache.DiscoverTestExtensions: Discovering the extensions using allExtensionPaths: C:\Program Files\dotnet\sdk\7.0.403\Extensions\Microsoft.Diagnostics.NETCore.Client.dll
C:\Program Files\dotnet\sdk\7.0.403\Extensions\Microsoft.TestPlatform.Extensions.BlameDataCollector.dll
C:\Program Files\dotnet\sdk\7.0.403\Extensions\Microsoft.TestPlatform.Extensions.EventLogCollector.dll
C:\Program Files\dotnet\sdk\7.0.403\Extensions\Microsoft.TestPlatform.TestHostRuntimeProvider.dll
C:\Program Files\dotnet\sdk\7.0.403\Extensions\Microsoft.VisualStudio.TestPlatform.Extensions.Html.TestLogger.dll
C:\Program Files\dotnet\sdk\7.0.403\Extensions\Microsoft.VisualStudio.TestPlatform.Extensions.Trx.TestLogger.dll
TpTrace Information: 0 : 14088, 1, 2024/02/08, 01:24:20.115, 246929583977, vstest.console.dll, AssemblyResolver.AddSearchDirectories: Adding more searchDirectories C:\Program Files\dotnet\sdk\7.0.403\Extensions,C:\Program Files\dotnet\sdk\7.0.403
TpTrace Information: 0 : 14088, 1, 2024/02/08, 01:24:20.115, 246929585132, vstest.console.dll, AssemblyResolver.AddSearchDirectories: Adding more searchDirectories C:\Program Files\dotnet\sdk\7.0.403\Extensions,C:\Program Files\dotnet\sdk\7.0.403
TpTrace Information: 0 : 14088, 1, 2024/02/08, 01:24:20.116, 246929585828, vstest.console.dll, AssemblyResolver.AddSearchDirectories: Adding more searchDirectories C:\Program Files\dotnet\sdk\7.0.403\Extensions,C:\Program Files\dotnet\sdk\7.0.403
TpTrace Information: 0 : 14088, 1, 2024/02/08, 01:24:20.116, 246929586487, vstest.console.dll, AssemblyResolver.AddSearchDirectories: Adding more searchDirectories C:\Program Files\dotnet\sdk\7.0.403\Extensions,C:\Program Files\dotnet\sdk\7.0.403
TpTrace Information: 0 : 14088, 1, 2024/02/08, 01:24:20.116, 246929587106, vstest.console.dll, AssemblyResolver.AddSearchDirectories: Adding more searchDirectories C:\Program Files\dotnet\sdk\7.0.403\Extensions,C:\Program Files\dotnet\sdk\7.0.403
TpTrace Information: 0 : 14088, 1, 2024/02/08, 01:24:20.116, 246929587741, vstest.console.dll, AssemblyResolver.AddSearchDirectories: Adding more searchDirectories C:\Program Files\dotnet\sdk\7.0.403\Extensions,C:\Program Files\dotnet\sdk\7.0.403
TpTrace Information: 0 : 14088, 1, 2024/02/08, 01:24:20.116, 246929593076, vstest.console.dll, AssemblyResolver.OnResolve: Microsoft.Diagnostics.NETCore.Client: Resolving assembly.
TpTrace Information: 0 : 14088, 1, 2024/02/08, 01:24:20.116, 246929594222, vstest.console.dll, AssemblyResolver.OnResolve: Microsoft.Diagnostics.NETCore.Client: Searching in: 'C:\Program Files\dotnet\sdk\7.0.403\Extensions'.
TpTrace Information: 0 : 14088, 1, 2024/02/08, 01:24:20.131, 246929736858, vstest.console.dll, AssemblyResolver.OnResolve: Microsoft.Diagnostics.NETCore.Client: Loading assembly 'C:\Program Files\dotnet\sdk\7.0.403\Extensions\Microsoft.Diagnostics.NETCore.Client.dll'.
TpTrace Information: 0 : 14088, 1, 2024/02/08, 01:24:20.133, 246929757788, vstest.console.dll, AssemblyResolver.OnResolve: Resolved assembly: Microsoft.Diagnostics.NETCore.Client, from path: C:\Program Files\dotnet\sdk\7.0.403\Extensions\Microsoft.Diagnostics.NETCore.Client.dll
TpTrace Verbose: 0 : 14088, 1, 2024/02/08, 01:24:20.134, 246929773405, vstest.console.dll, MetadataReaderExtensionsHelper: Discovering extensions inside assembly 'Microsoft.Diagnostics.NETCore.Client, Version=0.2.8.21101, Culture=neutral, PublicKeyToken=31bf3856ad364e35' file path 'C:\Program Files\dotnet\sdk\7.0.403\Extensions\Microsoft.Diagnostics.NETCore.Client.dll'
TpTrace Information: 0 : 14088, 1, 2024/02/08, 01:24:20.143, 246929855785, vstest.console.dll, AssemblyResolver.OnResolve: Microsoft.Bcl.AsyncInterfaces: Resolving assembly.
TpTrace Information: 0 : 14088, 1, 2024/02/08, 01:24:20.143, 246929857068, vstest.console.dll, AssemblyResolver.OnResolve: Microsoft.Bcl.AsyncInterfaces: Searching in: 'C:\Program Files\dotnet\sdk\7.0.403\Extensions'.
TpTrace Information: 0 : 14088, 1, 2024/02/08, 01:24:20.143, 246929858416, vstest.console.dll, AssemblyResolver.OnResolve: Microsoft.Bcl.AsyncInterfaces: Assembly path does not exist: 'C:\Program Files\dotnet\sdk\7.0.403\Extensions\Microsoft.Bcl.AsyncInterfaces.dll', returning.
TpTrace Information: 0 : 14088, 1, 2024/02/08, 01:24:20.143, 246929860206, vstest.console.dll, AssemblyResolver.OnResolve: Microsoft.Bcl.AsyncInterfaces: Assembly path does not exist: 'C:\Program Files\dotnet\sdk\7.0.403\Extensions\Microsoft.Bcl.AsyncInterfaces.exe', returning.
TpTrace Information: 0 : 14088, 1, 2024/02/08, 01:24:20.143, 246929860882, vstest.console.dll, AssemblyResolver.OnResolve: Microsoft.Bcl.AsyncInterfaces: Searching in: 'C:\Program Files\dotnet\sdk\7.0.403'.
TpTrace Information: 0 : 14088, 1, 2024/02/08, 01:24:20.143, 246929862036, vstest.console.dll, AssemblyResolver.OnResolve: Microsoft.Bcl.AsyncInterfaces: Assembly path does not exist: 'C:\Program Files\dotnet\sdk\7.0.403\Microsoft.Bcl.AsyncInterfaces.dll', returning.
TpTrace Information: 0 : 14088, 1, 2024/02/08, 01:24:20.143, 246929863367, vstest.console.dll, AssemblyResolver.OnResolve: Microsoft.Bcl.AsyncInterfaces: Assembly path does not exist: 'C:\Program Files\dotnet\sdk\7.0.403\Microsoft.Bcl.AsyncInterfaces.exe', returning.
TpTrace Information: 0 : 14088, 1, 2024/02/08, 01:24:20.143, 246929863945, vstest.console.dll, AssemblyResolver.OnResolve: Microsoft.Bcl.AsyncInterfaces: Failed to load assembly.
TpTrace Verbose: 0 : 14088, 1, 2024/02/08, 01:24:20.143, 246929864592, vstest.console.dll, CurrentDomainAssemblyResolve: Resolving assembly 'Microsoft.Bcl.AsyncInterfaces'.
TpTrace Information: 0 : 14088, 1, 2024/02/08, 01:24:20.144, 246929865610, vstest.console.dll, AssemblyResolver.OnResolve: Microsoft.Bcl.AsyncInterfaces: Resolving assembly.
TpTrace Information: 0 : 14088, 1, 2024/02/08, 01:24:20.144, 246929866312, vstest.console.dll, AssemblyResolver.OnResolve: Microsoft.Bcl.AsyncInterfaces: Resolved from cache.
TpTrace Verbose: 0 : 14088, 1, 2024/02/08, 01:24:20.144, 246929866862, vstest.console.dll, CurrentDomainAssemblyResolve: Resolving assembly 'Microsoft.Bcl.AsyncInterfaces'.
TpTrace Verbose: 0 : 14088, 1, 2024/02/08, 01:24:20.144, 246929867491, vstest.console.dll, CurrentDomainAssemblyResolve: Failed to resolve assembly 'Microsoft.Bcl.AsyncInterfaces'.
TpTrace Verbose: 0 : 14088, 1, 2024/02/08, 01:24:20.145, 246929881396, vstest.console.dll, CurrentDomainAssemblyResolve: Failed to resolve assembly 'Microsoft.Bcl.AsyncInterfaces'.
TpTrace Warning: 0 : 14088, 1, 2024/02/08, 01:24:20.164, 246930068718, vstest.console.dll, TestPluginDiscoverer: Failed to get types from assembly 'Microsoft.Diagnostics.NETCore.Client, Version=0.2.8.21101, Culture=neutral, PublicKeyToken=31bf3856ad364e35'. Error: System.Reflection.ReflectionTypeLoadException: Unable to load one or more of the requested types.
Could not load file or assembly 'Microsoft.Bcl.AsyncInterfaces, Version=1.0.0.0, Culture=neutral, PublicKeyToken=cc7b13ffcd2ddd51'. The system cannot find the file specified.
   at System.Reflection.RuntimeModule.GetTypes(RuntimeModule module)
   at System.Reflection.Assembly.GetTypes()
   at Microsoft.VisualStudio.TestPlatform.Common.ExtensionFramework.TestPluginDiscoverer.GetTestExtensionsFromAssembly[TPluginInfo,TExtension](Assembly assembly, Dictionary`2 pluginInfos, String filePath) in /_/src/Microsoft.TestPlatform.Common/ExtensionFramework/TestPluginDiscoverer.cs:line 158
System.IO.FileNotFoundException: Could not load file or assembly 'Microsoft.Bcl.AsyncInterfaces, Version=1.0.0.0, Culture=neutral, PublicKeyToken=cc7b13ffcd2ddd51'. The system cannot find the file specified.
File name: 'Microsoft.Bcl.AsyncInterfaces, Version=1.0.0.0, Culture=neutral, PublicKeyToken=cc7b13ffcd2ddd51'
 ---> System.IO.FileNotFoundException: Could not load file or assembly 'Microsoft.Bcl.AsyncInterfaces, Culture=neutral, PublicKeyToken=null'. The system cannot find the file specified.
File name: 'Microsoft.Bcl.AsyncInterfaces, Culture=neutral, PublicKeyToken=null'
   at System.Reflection.RuntimeAssembly.InternalLoad(AssemblyName assemblyName, StackCrawlMark& stackMark, AssemblyLoadContext assemblyLoadContext, RuntimeAssembly requestingAssembly, Boolean throwOnFileNotFound)
   at System.Reflection.Assembly.Load(AssemblyName assemblyRef)
   at Microsoft.VisualStudio.TestPlatform.Common.ExtensionFramework.TestPluginCache.CurrentDomainAssemblyResolve(Object sender, AssemblyResolveEventArgs args) in /_/src/Microsoft.TestPlatform.Common/ExtensionFramework/TestPluginCache.cs:line 513
   at System.Runtime.Loader.AssemblyLoadContext.GetFirstResolvedAssemblyFromResolvingEvent(AssemblyName assemblyName)
   at System.Runtime.Loader.AssemblyLoadContext.ResolveUsingEvent(AssemblyName assemblyName)
   at System.Runtime.Loader.AssemblyLoadContext.ResolveUsingResolvingEvent(IntPtr gchManagedAssemblyLoadContext, AssemblyName assemblyName)
TpTrace Warning: 0 : 14088, 1, 2024/02/08, 01:24:20.165, 246930076259, vstest.console.dll, LoaderExceptions: System.IO.FileNotFoundException: Could not load file or assembly 'Microsoft.Bcl.AsyncInterfaces, Version=1.0.0.0, Culture=neutral, PublicKeyToken=cc7b13ffcd2ddd51'. The system cannot find the file specified.
File name: 'Microsoft.Bcl.AsyncInterfaces, Version=1.0.0.0, Culture=neutral, PublicKeyToken=cc7b13ffcd2ddd51'
 ---> System.IO.FileNotFoundException: Could not load file or assembly 'Microsoft.Bcl.AsyncInterfaces, Culture=neutral, PublicKeyToken=null'. The system cannot find the file specified.
File name: 'Microsoft.Bcl.AsyncInterfaces, Culture=neutral, PublicKeyToken=null'
   at System.Reflection.RuntimeAssembly.InternalLoad(AssemblyName assemblyName, StackCrawlMark& stackMark, AssemblyLoadContext assemblyLoadContext, RuntimeAssembly requestingAssembly, Boolean throwOnFileNotFound)
   at System.Reflection.Assembly.Load(AssemblyName assemblyRef)
   at Microsoft.VisualStudio.TestPlatform.Common.ExtensionFramework.TestPluginCache.CurrentDomainAssemblyResolve(Object sender, AssemblyResolveEventArgs args) in /_/src/Microsoft.TestPlatform.Common/ExtensionFramework/TestPluginCache.cs:line 513
   at System.Runtime.Loader.AssemblyLoadContext.GetFirstResolvedAssemblyFromResolvingEvent(AssemblyName assemblyName)
   at System.Runtime.Loader.AssemblyLoadContext.ResolveUsingEvent(AssemblyName assemblyName)
   at System.Runtime.Loader.AssemblyLoadContext.ResolveUsingResolvingEvent(IntPtr gchManagedAssemblyLoadContext, AssemblyName assemblyName)
TpTrace Information: 0 : 14088, 1, 2024/02/08, 01:24:20.165, 246930079507, vstest.console.dll, AssemblyResolver.OnResolve: Microsoft.TestPlatform.Extensions.BlameDataCollector: Resolving assembly.
TpTrace Information: 0 : 14088, 1, 2024/02/08, 01:24:20.165, 246930080599, vstest.console.dll, AssemblyResolver.OnResolve: Microsoft.TestPlatform.Extensions.BlameDataCollector: Searching in: 'C:\Program Files\dotnet\sdk\7.0.403\Extensions'.
TpTrace Information: 0 : 14088, 1, 2024/02/08, 01:24:20.166, 246930091181, vstest.console.dll, AssemblyResolver.OnResolve: Microsoft.TestPlatform.Extensions.BlameDataCollector: Loading assembly 'C:\Program Files\dotnet\sdk\7.0.403\Extensions\Microsoft.TestPlatform.Extensions.BlameDataCollector.dll'.
TpTrace Information: 0 : 14088, 1, 2024/02/08, 01:24:20.169, 246930118047, vstest.console.dll, AssemblyResolver.OnResolve: Resolved assembly: Microsoft.TestPlatform.Extensions.BlameDataCollector, from path: C:\Program Files\dotnet\sdk\7.0.403\Extensions\Microsoft.TestPlatform.Extensions.BlameDataCollector.dll
TpTrace Verbose: 0 : 14088, 1, 2024/02/08, 01:24:20.169, 246930119671, vstest.console.dll, MetadataReaderExtensionsHelper: Discovering extensions inside assembly 'Microsoft.TestPlatform.Extensions.BlameDataCollector, Version=15.0.0.0, Culture=neutral, PublicKeyToken=b03f5f7f11d50a3a' file path 'C:\Program Files\dotnet\sdk\7.0.403\Extensions\Microsoft.TestPlatform.Extensions.BlameDataCollector.dll'
TpTrace Information: 0 : 14088, 1, 2024/02/08, 01:24:20.172, 246930146625, vstest.console.dll, AssemblyResolver.OnResolve: Microsoft.TestPlatform.Extensions.EventLogCollector: Resolving assembly.
TpTrace Information: 0 : 14088, 1, 2024/02/08, 01:24:20.172, 246930147792, vstest.console.dll, AssemblyResolver.OnResolve: Microsoft.TestPlatform.Extensions.EventLogCollector: Searching in: 'C:\Program Files\dotnet\sdk\7.0.403\Extensions'.
TpTrace Information: 0 : 14088, 1, 2024/02/08, 01:24:20.173, 246930156126, vstest.console.dll, AssemblyResolver.OnResolve: Microsoft.TestPlatform.Extensions.EventLogCollector: Loading assembly 'C:\Program Files\dotnet\sdk\7.0.403\Extensions\Microsoft.TestPlatform.Extensions.EventLogCollector.dll'.
TpTrace Information: 0 : 14088, 1, 2024/02/08, 01:24:20.174, 246930167871, vstest.console.dll, AssemblyResolver.OnResolve: Resolved assembly: Microsoft.TestPlatform.Extensions.EventLogCollector, from path: C:\Program Files\dotnet\sdk\7.0.403\Extensions\Microsoft.TestPlatform.Extensions.EventLogCollector.dll
TpTrace Verbose: 0 : 14088, 1, 2024/02/08, 01:24:20.174, 246930168904, vstest.console.dll, MetadataReaderExtensionsHelper: Discovering extensions inside assembly 'Microsoft.TestPlatform.Extensions.EventLogCollector, Version=15.0.0.0, Culture=neutral, PublicKeyToken=b03f5f7f11d50a3a' file path 'C:\Program Files\dotnet\sdk\7.0.403\Extensions\Microsoft.TestPlatform.Extensions.EventLogCollector.dll'
TpTrace Information: 0 : 14088, 1, 2024/02/08, 01:24:20.178, 246930209347, vstest.console.dll, AssemblyResolver.OnResolve: Microsoft.TestPlatform.TestHostRuntimeProvider: Resolving assembly.
TpTrace Information: 0 : 14088, 1, 2024/02/08, 01:24:20.178, 246930210633, vstest.console.dll, AssemblyResolver.OnResolve: Microsoft.TestPlatform.TestHostRuntimeProvider: Searching in: 'C:\Program Files\dotnet\sdk\7.0.403\Extensions'.
TpTrace Information: 0 : 14088, 1, 2024/02/08, 01:24:20.179, 246930217287, vstest.console.dll, AssemblyResolver.OnResolve: Microsoft.TestPlatform.TestHostRuntimeProvider: Loading assembly 'C:\Program Files\dotnet\sdk\7.0.403\Extensions\Microsoft.TestPlatform.TestHostRuntimeProvider.dll'.
TpTrace Information: 0 : 14088, 1, 2024/02/08, 01:24:20.181, 246930236008, vstest.console.dll, AssemblyResolver.OnResolve: Resolved assembly: Microsoft.TestPlatform.TestHostRuntimeProvider, from path: C:\Program Files\dotnet\sdk\7.0.403\Extensions\Microsoft.TestPlatform.TestHostRuntimeProvider.dll
TpTrace Verbose: 0 : 14088, 1, 2024/02/08, 01:24:20.181, 246930237171, vstest.console.dll, MetadataReaderExtensionsHelper: Discovering extensions inside assembly 'Microsoft.TestPlatform.TestHostRuntimeProvider, Version=15.0.0.0, Culture=neutral, PublicKeyToken=b03f5f7f11d50a3a' file path 'C:\Program Files\dotnet\sdk\7.0.403\Extensions\Microsoft.TestPlatform.TestHostRuntimeProvider.dll'
TpTrace Information: 0 : 14088, 1, 2024/02/08, 01:24:20.183, 246930263301, vstest.console.dll, GetTestExtensionFromType: Register extension with identifier data 'HostProvider://DefaultTestHost' and type 'Microsoft.VisualStudio.TestPlatform.CrossPlatEngine.Hosting.DefaultTestHostManager, Microsoft.TestPlatform.TestHostRuntimeProvider, Version=15.0.0.0, Culture=neutral, PublicKeyToken=b03f5f7f11d50a3a' inside file 'C:\Program Files\dotnet\sdk\7.0.403\Extensions\Microsoft.TestPlatform.TestHostRuntimeProvider.dll'
TpTrace Information: 0 : 14088, 1, 2024/02/08, 01:24:20.184, 246930266829, vstest.console.dll, GetTestExtensionFromType: Register extension with identifier data 'HostProvider://DotnetTestHost' and type 'Microsoft.VisualStudio.TestPlatform.CrossPlatEngine.Hosting.DotnetTestHostManager, Microsoft.TestPlatform.TestHostRuntimeProvider, Version=15.0.0.0, Culture=neutral, PublicKeyToken=b03f5f7f11d50a3a' inside file 'C:\Program Files\dotnet\sdk\7.0.403\Extensions\Microsoft.TestPlatform.TestHostRuntimeProvider.dll'
TpTrace Information: 0 : 14088, 1, 2024/02/08, 01:24:20.184, 246930268028, vstest.console.dll, AssemblyResolver.OnResolve: Microsoft.VisualStudio.TestPlatform.Extensions.Html.TestLogger: Resolving assembly.
TpTrace Information: 0 : 14088, 1, 2024/02/08, 01:24:20.184, 246930268778, vstest.console.dll, AssemblyResolver.OnResolve: Microsoft.VisualStudio.TestPlatform.Extensions.Html.TestLogger: Searching in: 'C:\Program Files\dotnet\sdk\7.0.403\Extensions'.
TpTrace Information: 0 : 14088, 1, 2024/02/08, 01:24:20.184, 246930274946, vstest.console.dll, AssemblyResolver.OnResolve: Microsoft.VisualStudio.TestPlatform.Extensions.Html.TestLogger: Loading assembly 'C:\Program Files\dotnet\sdk\7.0.403\Extensions\Microsoft.VisualStudio.TestPlatform.Extensions.Html.TestLogger.dll'.
TpTrace Information: 0 : 14088, 1, 2024/02/08, 01:24:20.186, 246930294630, vstest.console.dll, AssemblyResolver.OnResolve: Resolved assembly: Microsoft.VisualStudio.TestPlatform.Extensions.Html.TestLogger, from path: C:\Program Files\dotnet\sdk\7.0.403\Extensions\Microsoft.VisualStudio.TestPlatform.Extensions.Html.TestLogger.dll
TpTrace Verbose: 0 : 14088, 1, 2024/02/08, 01:24:20.187, 246930295866, vstest.console.dll, MetadataReaderExtensionsHelper: Discovering extensions inside assembly 'Microsoft.VisualStudio.TestPlatform.Extensions.Html.TestLogger, Version=15.0.0.0, Culture=neutral, PublicKeyToken=b03f5f7f11d50a3a' file path 'C:\Program Files\dotnet\sdk\7.0.403\Extensions\Microsoft.VisualStudio.TestPlatform.Extensions.Html.TestLogger.dll'
TpTrace Information: 0 : 14088, 1, 2024/02/08, 01:24:20.188, 246930307766, vstest.console.dll, AssemblyResolver.OnResolve: Microsoft.VisualStudio.TestPlatform.Extensions.Trx.TestLogger: Resolving assembly.
TpTrace Information: 0 : 14088, 1, 2024/02/08, 01:24:20.188, 246930308777, vstest.console.dll, AssemblyResolver.OnResolve: Microsoft.VisualStudio.TestPlatform.Extensions.Trx.TestLogger: Searching in: 'C:\Program Files\dotnet\sdk\7.0.403\Extensions'.
TpTrace Information: 0 : 14088, 1, 2024/02/08, 01:24:20.188, 246930314293, vstest.console.dll, AssemblyResolver.OnResolve: Microsoft.VisualStudio.TestPlatform.Extensions.Trx.TestLogger: Loading assembly 'C:\Program Files\dotnet\sdk\7.0.403\Extensions\Microsoft.VisualStudio.TestPlatform.Extensions.Trx.TestLogger.dll'.
TpTrace Information: 0 : 14088, 1, 2024/02/08, 01:24:20.191, 246930338543, vstest.console.dll, AssemblyResolver.OnResolve: Resolved assembly: Microsoft.VisualStudio.TestPlatform.Extensions.Trx.TestLogger, from path: C:\Program Files\dotnet\sdk\7.0.403\Extensions\Microsoft.VisualStudio.TestPlatform.Extensions.Trx.TestLogger.dll
TpTrace Verbose: 0 : 14088, 1, 2024/02/08, 01:24:20.191, 246930340263, vstest.console.dll, MetadataReaderExtensionsHelper: Discovering extensions inside assembly 'Microsoft.VisualStudio.TestPlatform.Extensions.Trx.TestLogger, Version=15.0.0.0, Culture=neutral, PublicKeyToken=b03f5f7f11d50a3a' file path 'C:\Program Files\dotnet\sdk\7.0.403\Extensions\Microsoft.VisualStudio.TestPlatform.Extensions.Trx.TestLogger.dll'
TpTrace Verbose: 0 : 14088, 1, 2024/02/08, 01:24:20.193, 246930358701, vstest.console.dll, TestPluginCache: Discovered the extensions using extension path ''.
TpTrace Verbose: 0 : 14088, 1, 2024/02/08, 01:24:20.193, 246930359844, vstest.console.dll, TestPluginCache: Discoverers are ''.
TpTrace Verbose: 0 : 14088, 1, 2024/02/08, 01:24:20.193, 246930360468, vstest.console.dll, TestPluginCache: Executors are ''.
TpTrace Verbose: 0 : 14088, 1, 2024/02/08, 01:24:20.193, 246930361007, vstest.console.dll, TestPluginCache: Executors2 are ''.
TpTrace Verbose: 0 : 14088, 1, 2024/02/08, 01:24:20.193, 246930361514, vstest.console.dll, TestPluginCache: Setting providers are ''.
TpTrace Verbose: 0 : 14088, 1, 2024/02/08, 01:24:20.193, 246930362017, vstest.console.dll, TestPluginCache: Loggers are ''.
TpTrace Verbose: 0 : 14088, 1, 2024/02/08, 01:24:20.193, 246930363126, vstest.console.dll, TestPluginCache: TestHosts are 'HostProvider://DefaultTestHost,HostProvider://DotnetTestHost'.
TpTrace Verbose: 0 : 14088, 1, 2024/02/08, 01:24:20.193, 246930363787, vstest.console.dll, TestPluginCache: DataCollectors are ''.
TpTrace Information: 0 : 14088, 1, 2024/02/08, 01:24:20.212, 246930551317, vstest.console.dll, RunTestsArgumentProcessor:Execute: Test run is starting.
TpTrace Verbose: 0 : 14088, 1, 2024/02/08, 01:24:20.212, 246930552690, vstest.console.dll, RunTestsArgumentProcessor:Execute: Queuing Test run.
TpTrace Information: 0 : 14088, 1, 2024/02/08, 01:24:20.213, 246930555554, vstest.console.dll, TestRequestManager.RunTests: run tests started.
TpTrace Information: 0 : 14088, 1, 2024/02/08, 01:24:20.214, 246930573327, vstest.console.dll, AssemblyMetadataProvider.GetFrameworkName: Determined framework:'.NETCoreApp,Version=v6.0' for source: 'D:\Shubham Mali\Projects\CIG test\Solution\Git\MinesweeperApp\MineSweeper.Tests\bin\Debug\net6.0\fine-code-coverage\build-output\MineSweeper.Tests.dll'
TpTrace Information: 0 : 14088, 1, 2024/02/08, 01:24:20.215, 246930575738, vstest.console.dll, Determined framework for all sources: .NETCoreApp,Version=v6.0
TpTrace Verbose: 0 : 14088, 1, 2024/02/08, 01:24:20.215, 246930581080, vstest.console.dll, TestRequestManager.UpdateRunSettingsIfRequired: Default architecture: X64 IsDefaultTargetArchitecture: True, Current process architecture: X64 OperatingSystem: Windows.
TpTrace Information: 0 : 14088, 1, 2024/02/08, 01:24:20.218, 246930607763, vstest.console.dll, AssemblyMetadataProvider.GetArchitecture: Determined architecture:AnyCPU info for assembly: D:\Shubham Mali\Projects\CIG test\Solution\Git\MinesweeperApp\MineSweeper.Tests\bin\Debug\net6.0\fine-code-coverage\build-output\MineSweeper.Tests.dll
TpTrace Information: 0 : 14088, 1, 2024/02/08, 01:24:20.218, 246930608727, vstest.console.dll, Determined platform for source 'D:\Shubham Mali\Projects\CIG test\Solution\Git\MinesweeperApp\MineSweeper.Tests\bin\Debug\net6.0\fine-code-coverage\build-output\MineSweeper.Tests.dll' was AnyCPU and it will use the default plaform X64.
TpTrace Information: 0 : 14088, 1, 2024/02/08, 01:24:20.218, 246930609323, vstest.console.dll, None of the sources provided any runnable platform, using the default platform: X64
TpTrace Information: 0 : 14088, 1, 2024/02/08, 01:24:20.218, 246930610557, vstest.console.dll, Platform was updated to 'X64'.
TpTrace Information: 0 : 14088, 1, 2024/02/08, 01:24:20.223, 246930657570, vstest.console.dll, InferRunSettingsHelper.IsTestSettingsEnabled: Unable to navigate to RunSettings/MSTest. Current node: RunSettings
TpTrace Information: 0 : 14088, 1, 2024/02/08, 01:24:20.224, 246930665613, vstest.console.dll, AssemblyResolver.OnResolve: Microsoft.VisualStudio.TestPlatform.Fakes: Resolving assembly.
TpTrace Information: 0 : 14088, 1, 2024/02/08, 01:24:20.224, 246930666508, vstest.console.dll, AssemblyResolver.OnResolve: Microsoft.VisualStudio.TestPlatform.Fakes: Searching in: 'C:\Program Files\dotnet\sdk\7.0.403\Extensions'.
TpTrace Information: 0 : 14088, 1, 2024/02/08, 01:24:20.224, 246930668165, vstest.console.dll, AssemblyResolver.OnResolve: Microsoft.VisualStudio.TestPlatform.Fakes: Assembly path does not exist: 'C:\Program Files\dotnet\sdk\7.0.403\Extensions\Microsoft.VisualStudio.TestPlatform.Fakes.dll', returning.
TpTrace Information: 0 : 14088, 1, 2024/02/08, 01:24:20.224, 246930669347, vstest.console.dll, AssemblyResolver.OnResolve: Microsoft.VisualStudio.TestPlatform.Fakes: Assembly path does not exist: 'C:\Program Files\dotnet\sdk\7.0.403\Extensions\Microsoft.VisualStudio.TestPlatform.Fakes.exe', returning.
TpTrace Information: 0 : 14088, 1, 2024/02/08, 01:24:20.224, 246930669959, vstest.console.dll, AssemblyResolver.OnResolve: Microsoft.VisualStudio.TestPlatform.Fakes: Searching in: 'C:\Program Files\dotnet\sdk\7.0.403'.
TpTrace Information: 0 : 14088, 1, 2024/02/08, 01:24:20.224, 246930671021, vstest.console.dll, AssemblyResolver.OnResolve: Microsoft.VisualStudio.TestPlatform.Fakes: Assembly path does not exist: 'C:\Program Files\dotnet\sdk\7.0.403\Microsoft.VisualStudio.TestPlatform.Fakes.dll', returning.
TpTrace Information: 0 : 14088, 1, 2024/02/08, 01:24:20.224, 246930672204, vstest.console.dll, AssemblyResolver.OnResolve: Microsoft.VisualStudio.TestPlatform.Fakes: Assembly path does not exist: 'C:\Program Files\dotnet\sdk\7.0.403\Microsoft.VisualStudio.TestPlatform.Fakes.exe', returning.
TpTrace Information: 0 : 14088, 1, 2024/02/08, 01:24:20.224, 246930672845, vstest.console.dll, AssemblyResolver.OnResolve: Microsoft.VisualStudio.TestPlatform.Fakes: Failed to load assembly.
TpTrace Information: 0 : 14088, 1, 2024/02/08, 01:24:20.225, 246930676733, vstest.console.dll, Failed to load assembly Microsoft.VisualStudio.TestPlatform.Fakes, Version=17.0.0.0, Culture=neutral. Reason:System.IO.FileNotFoundException: Could not load file or assembly 'Microsoft.VisualStudio.TestPlatform.Fakes, Version=17.0.0.0, Culture=neutral, PublicKeyToken=null'. The system cannot find the file specified.
File name: 'Microsoft.VisualStudio.TestPlatform.Fakes, Version=17.0.0.0, Culture=neutral, PublicKeyToken=null'
   at System.Reflection.RuntimeAssembly.InternalLoad(AssemblyName assemblyName, StackCrawlMark& stackMark, AssemblyLoadContext assemblyLoadContext, RuntimeAssembly requestingAssembly, Boolean throwOnFileNotFound)
   at System.Reflection.Assembly.Load(AssemblyName assemblyRef)
   at Microsoft.VisualStudio.TestPlatform.Common.Utilities.FakesUtilities.LoadTestPlatformAssembly() in /_/src/Microsoft.TestPlatform.Common/Utilities/FakesUtilities.cs:line 272
TpTrace Verbose: 0 : 14088, 1, 2024/02/08, 01:24:20.229, 246930720047, vstest.console.dll, TestPluginCache.DiscoverTestExtensions: finding test extensions in assemblies ends with: TestLogger.dll TPluginInfo: Microsoft.VisualStudio.TestPlatform.Common.ExtensionFramework.Utilities.TestLoggerPluginInformation TExtension: Microsoft.VisualStudio.TestPlatform.ObjectModel.Client.ITestLogger
TpTrace Verbose: 0 : 14088, 1, 2024/02/08, 01:24:20.229, 246930721503, vstest.console.dll, TestPluginCache.GetExtensionPaths: Filtered extension paths: 
TpTrace Verbose: 0 : 14088, 1, 2024/02/08, 01:24:20.229, 246930722182, vstest.console.dll, TestPluginCache.GetExtensionPaths: Added default extension paths: C:\Program Files\dotnet\sdk\7.0.403\Extensions\Microsoft.Diagnostics.NETCore.Client.dll
C:\Program Files\dotnet\sdk\7.0.403\Extensions\Microsoft.TestPlatform.Extensions.BlameDataCollector.dll
C:\Program Files\dotnet\sdk\7.0.403\Extensions\Microsoft.TestPlatform.Extensions.EventLogCollector.dll
C:\Program Files\dotnet\sdk\7.0.403\Extensions\Microsoft.TestPlatform.TestHostRuntimeProvider.dll
C:\Program Files\dotnet\sdk\7.0.403\Extensions\Microsoft.VisualStudio.TestPlatform.Extensions.Html.TestLogger.dll
C:\Program Files\dotnet\sdk\7.0.403\Extensions\Microsoft.VisualStudio.TestPlatform.Extensions.Trx.TestLogger.dll
TpTrace Verbose: 0 : 14088, 1, 2024/02/08, 01:24:20.229, 246930722756, vstest.console.dll, TestPluginCache.GetExtensionPaths: Added unfilterableExtensionPaths: 
TpTrace Information: 0 : 14088, 1, 2024/02/08, 01:24:20.229, 246930724660, vstest.console.dll, AssemblyResolver.AddSearchDirectories: Adding more searchDirectories C:\Program Files\dotnet\sdk\7.0.403\Extensions,C:\Program Files\dotnet\sdk\7.0.403
TpTrace Verbose: 0 : 14088, 1, 2024/02/08, 01:24:20.230, 246930725397, vstest.console.dll, TestPluginCache.DiscoverTestExtensions: Discovering the extensions using extension path.
TpTrace Verbose: 0 : 14088, 1, 2024/02/08, 01:24:20.230, 246930726007, vstest.console.dll, TestPluginCache.GetExtensionPaths: Filtered extension paths: 
TpTrace Verbose: 0 : 14088, 1, 2024/02/08, 01:24:20.230, 246930726677, vstest.console.dll, TestPluginCache.GetExtensionPaths: Added default extension paths: C:\Program Files\dotnet\sdk\7.0.403\Extensions\Microsoft.Diagnostics.NETCore.Client.dll
C:\Program Files\dotnet\sdk\7.0.403\Extensions\Microsoft.TestPlatform.Extensions.BlameDataCollector.dll
C:\Program Files\dotnet\sdk\7.0.403\Extensions\Microsoft.TestPlatform.Extensions.EventLogCollector.dll
C:\Program Files\dotnet\sdk\7.0.403\Extensions\Microsoft.TestPlatform.TestHostRuntimeProvider.dll
C:\Program Files\dotnet\sdk\7.0.403\Extensions\Microsoft.VisualStudio.TestPlatform.Extensions.Html.TestLogger.dll
C:\Program Files\dotnet\sdk\7.0.403\Extensions\Microsoft.VisualStudio.TestPlatform.Extensions.Trx.TestLogger.dll
TpTrace Verbose: 0 : 14088, 1, 2024/02/08, 01:24:20.230, 246930727226, vstest.console.dll, TestPluginCache.GetExtensionPaths: Added unfilterableExtensionPaths: 
TpTrace Verbose: 0 : 14088, 1, 2024/02/08, 01:24:20.230, 246930727831, vstest.console.dll, TestPluginCache.DiscoverTestExtensions: Discovering the extensions using allExtensionPaths: C:\Program Files\dotnet\sdk\7.0.403\Extensions\Microsoft.Diagnostics.NETCore.Client.dll
C:\Program Files\dotnet\sdk\7.0.403\Extensions\Microsoft.TestPlatform.Extensions.BlameDataCollector.dll
C:\Program Files\dotnet\sdk\7.0.403\Extensions\Microsoft.TestPlatform.Extensions.EventLogCollector.dll
C:\Program Files\dotnet\sdk\7.0.403\Extensions\Microsoft.TestPlatform.TestHostRuntimeProvider.dll
C:\Program Files\dotnet\sdk\7.0.403\Extensions\Microsoft.VisualStudio.TestPlatform.Extensions.Html.TestLogger.dll
C:\Program Files\dotnet\sdk\7.0.403\Extensions\Microsoft.VisualStudio.TestPlatform.Extensions.Trx.TestLogger.dll
TpTrace Information: 0 : 14088, 1, 2024/02/08, 01:24:20.230, 246930728623, vstest.console.dll, AssemblyResolver.AddSearchDirectories: Adding more searchDirectories C:\Program Files\dotnet\sdk\7.0.403\Extensions,C:\Program Files\dotnet\sdk\7.0.403
TpTrace Information: 0 : 14088, 1, 2024/02/08, 01:24:20.230, 246930729346, vstest.console.dll, AssemblyResolver.AddSearchDirectories: Adding more searchDirectories C:\Program Files\dotnet\sdk\7.0.403\Extensions,C:\Program Files\dotnet\sdk\7.0.403
TpTrace Information: 0 : 14088, 1, 2024/02/08, 01:24:20.230, 246930729951, vstest.console.dll, AssemblyResolver.AddSearchDirectories: Adding more searchDirectories C:\Program Files\dotnet\sdk\7.0.403\Extensions,C:\Program Files\dotnet\sdk\7.0.403
TpTrace Information: 0 : 14088, 1, 2024/02/08, 01:24:20.230, 246930730552, vstest.console.dll, AssemblyResolver.AddSearchDirectories: Adding more searchDirectories C:\Program Files\dotnet\sdk\7.0.403\Extensions,C:\Program Files\dotnet\sdk\7.0.403
TpTrace Information: 0 : 14088, 1, 2024/02/08, 01:24:20.230, 246930731189, vstest.console.dll, AssemblyResolver.AddSearchDirectories: Adding more searchDirectories C:\Program Files\dotnet\sdk\7.0.403\Extensions,C:\Program Files\dotnet\sdk\7.0.403
TpTrace Information: 0 : 14088, 1, 2024/02/08, 01:24:20.230, 246930731796, vstest.console.dll, AssemblyResolver.AddSearchDirectories: Adding more searchDirectories C:\Program Files\dotnet\sdk\7.0.403\Extensions,C:\Program Files\dotnet\sdk\7.0.403
TpTrace Verbose: 0 : 14088, 1, 2024/02/08, 01:24:20.230, 246930733170, vstest.console.dll, MetadataReaderExtensionsHelper: Discovering extensions inside assembly 'Microsoft.Diagnostics.NETCore.Client, Version=0.2.8.21101, Culture=neutral, PublicKeyToken=31bf3856ad364e35' file path 'C:\Program Files\dotnet\sdk\7.0.403\Extensions\Microsoft.Diagnostics.NETCore.Client.dll'
TpTrace Information: 0 : 14088, 1, 2024/02/08, 01:24:20.231, 246930743827, vstest.console.dll, AssemblyResolver.OnResolve: Microsoft.Bcl.AsyncInterfaces: Resolving assembly.
TpTrace Information: 0 : 14088, 1, 2024/02/08, 01:24:20.231, 246930744697, vstest.console.dll, AssemblyResolver.OnResolve: Microsoft.Bcl.AsyncInterfaces: Resolved from cache.
TpTrace Verbose: 0 : 14088, 1, 2024/02/08, 01:24:20.232, 246930745363, vstest.console.dll, CurrentDomainAssemblyResolve: Resolving assembly 'Microsoft.Bcl.AsyncInterfaces'.
TpTrace Information: 0 : 14088, 1, 2024/02/08, 01:24:20.232, 246930746121, vstest.console.dll, AssemblyResolver.OnResolve: Microsoft.Bcl.AsyncInterfaces: Resolving assembly.
TpTrace Information: 0 : 14088, 1, 2024/02/08, 01:24:20.232, 246930746693, vstest.console.dll, AssemblyResolver.OnResolve: Microsoft.Bcl.AsyncInterfaces: Resolved from cache.
TpTrace Verbose: 0 : 14088, 1, 2024/02/08, 01:24:20.232, 246930747341, vstest.console.dll, CurrentDomainAssemblyResolve: Resolving assembly 'Microsoft.Bcl.AsyncInterfaces'.
TpTrace Verbose: 0 : 14088, 1, 2024/02/08, 01:24:20.232, 246930747859, vstest.console.dll, CurrentDomainAssemblyResolve: Failed to resolve assembly 'Microsoft.Bcl.AsyncInterfaces'.
TpTrace Verbose: 0 : 14088, 1, 2024/02/08, 01:24:20.232, 246930749694, vstest.console.dll, CurrentDomainAssemblyResolve: Failed to resolve assembly 'Microsoft.Bcl.AsyncInterfaces'.
TpTrace Warning: 0 : 14088, 1, 2024/02/08, 01:24:20.232, 246930753800, vstest.console.dll, TestPluginDiscoverer: Failed to get types from assembly 'Microsoft.Diagnostics.NETCore.Client, Version=0.2.8.21101, Culture=neutral, PublicKeyToken=31bf3856ad364e35'. Error: System.Reflection.ReflectionTypeLoadException: Unable to load one or more of the requested types.
Could not load file or assembly 'Microsoft.Bcl.AsyncInterfaces, Version=1.0.0.0, Culture=neutral, PublicKeyToken=cc7b13ffcd2ddd51'. The system cannot find the file specified.
   at System.Reflection.RuntimeModule.GetTypes(RuntimeModule module)
   at System.Reflection.Assembly.GetTypes()
   at Microsoft.VisualStudio.TestPlatform.Common.ExtensionFramework.TestPluginDiscoverer.GetTestExtensionsFromAssembly[TPluginInfo,TExtension](Assembly assembly, Dictionary`2 pluginInfos, String filePath) in /_/src/Microsoft.TestPlatform.Common/ExtensionFramework/TestPluginDiscoverer.cs:line 158
System.IO.FileNotFoundException: Could not load file or assembly 'Microsoft.Bcl.AsyncInterfaces, Version=1.0.0.0, Culture=neutral, PublicKeyToken=cc7b13ffcd2ddd51'. The system cannot find the file specified.
File name: 'Microsoft.Bcl.AsyncInterfaces, Version=1.0.0.0, Culture=neutral, PublicKeyToken=cc7b13ffcd2ddd51'
 ---> System.IO.FileNotFoundException: Could not load file or assembly 'Microsoft.Bcl.AsyncInterfaces, Culture=neutral, PublicKeyToken=null'. The system cannot find the file specified.
File name: 'Microsoft.Bcl.AsyncInterfaces, Culture=neutral, PublicKeyToken=null'
   at System.Reflection.RuntimeAssembly.InternalLoad(AssemblyName assemblyName, StackCrawlMark& stackMark, AssemblyLoadContext assemblyLoadContext, RuntimeAssembly requestingAssembly, Boolean throwOnFileNotFound)
   at System.Reflection.Assembly.Load(AssemblyName assemblyRef)
   at Microsoft.VisualStudio.TestPlatform.Common.ExtensionFramework.TestPluginCache.CurrentDomainAssemblyResolve(Object sender, AssemblyResolveEventArgs args) in /_/src/Microsoft.TestPlatform.Common/ExtensionFramework/TestPluginCache.cs:line 513
   at System.Runtime.Loader.AssemblyLoadContext.GetFirstResolvedAssemblyFromResolvingEvent(AssemblyName assemblyName)
   at System.Runtime.Loader.AssemblyLoadContext.ResolveUsingEvent(AssemblyName assemblyName)
   at System.Runtime.Loader.AssemblyLoadContext.ResolveUsingResolvingEvent(IntPtr gchManagedAssemblyLoadContext, AssemblyName assemblyName)
TpTrace Warning: 0 : 14088, 1, 2024/02/08, 01:24:20.233, 246930756002, vstest.console.dll, LoaderExceptions: System.IO.FileNotFoundException: Could not load file or assembly 'Microsoft.Bcl.AsyncInterfaces, Version=1.0.0.0, Culture=neutral, PublicKeyToken=cc7b13ffcd2ddd51'. The system cannot find the file specified.
File name: 'Microsoft.Bcl.AsyncInterfaces, Version=1.0.0.0, Culture=neutral, PublicKeyToken=cc7b13ffcd2ddd51'
 ---> System.IO.FileNotFoundException: Could not load file or assembly 'Microsoft.Bcl.AsyncInterfaces, Culture=neutral, PublicKeyToken=null'. The system cannot find the file specified.
File name: 'Microsoft.Bcl.AsyncInterfaces, Culture=neutral, PublicKeyToken=null'
   at System.Reflection.RuntimeAssembly.InternalLoad(AssemblyName assemblyName, StackCrawlMark& stackMark, AssemblyLoadContext assemblyLoadContext, RuntimeAssembly requestingAssembly, Boolean throwOnFileNotFound)
   at System.Reflection.Assembly.Load(AssemblyName assemblyRef)
   at Microsoft.VisualStudio.TestPlatform.Common.ExtensionFramework.TestPluginCache.CurrentDomainAssemblyResolve(Object sender, AssemblyResolveEventArgs args) in /_/src/Microsoft.TestPlatform.Common/ExtensionFramework/TestPluginCache.cs:line 513
   at System.Runtime.Loader.AssemblyLoadContext.GetFirstResolvedAssemblyFromResolvingEvent(AssemblyName assemblyName)
   at System.Runtime.Loader.AssemblyLoadContext.ResolveUsingEvent(AssemblyName assemblyName)
   at System.Runtime.Loader.AssemblyLoadContext.ResolveUsingResolvingEvent(IntPtr gchManagedAssemblyLoadContext, AssemblyName assemblyName)
TpTrace Verbose: 0 : 14088, 1, 2024/02/08, 01:24:20.233, 246930757281, vstest.console.dll, MetadataReaderExtensionsHelper: Discovering extensions inside assembly 'Microsoft.TestPlatform.Extensions.BlameDataCollector, Version=15.0.0.0, Culture=neutral, PublicKeyToken=b03f5f7f11d50a3a' file path 'C:\Program Files\dotnet\sdk\7.0.403\Extensions\Microsoft.TestPlatform.Extensions.BlameDataCollector.dll'
TpTrace Information: 0 : 14088, 1, 2024/02/08, 01:24:20.234, 246930765684, vstest.console.dll, GetTestExtensionFromType: Register extension with identifier data 'logger://Microsoft/TestPlatform/Extensions/Blame/v1' and type 'Microsoft.TestPlatform.Extensions.BlameDataCollector.BlameLogger, Microsoft.TestPlatform.Extensions.BlameDataCollector, Version=15.0.0.0, Culture=neutral, PublicKeyToken=b03f5f7f11d50a3a' inside file 'C:\Program Files\dotnet\sdk\7.0.403\Extensions\Microsoft.TestPlatform.Extensions.BlameDataCollector.dll'
TpTrace Verbose: 0 : 14088, 1, 2024/02/08, 01:24:20.234, 246930766665, vstest.console.dll, MetadataReaderExtensionsHelper: Discovering extensions inside assembly 'Microsoft.TestPlatform.Extensions.EventLogCollector, Version=15.0.0.0, Culture=neutral, PublicKeyToken=b03f5f7f11d50a3a' file path 'C:\Program Files\dotnet\sdk\7.0.403\Extensions\Microsoft.TestPlatform.Extensions.EventLogCollector.dll'
TpTrace Verbose: 0 : 14088, 1, 2024/02/08, 01:24:20.234, 246930771871, vstest.console.dll, MetadataReaderExtensionsHelper: Discovering extensions inside assembly 'Microsoft.TestPlatform.TestHostRuntimeProvider, Version=15.0.0.0, Culture=neutral, PublicKeyToken=b03f5f7f11d50a3a' file path 'C:\Program Files\dotnet\sdk\7.0.403\Extensions\Microsoft.TestPlatform.TestHostRuntimeProvider.dll'
TpTrace Verbose: 0 : 14088, 1, 2024/02/08, 01:24:20.235, 246930777474, vstest.console.dll, MetadataReaderExtensionsHelper: Discovering extensions inside assembly 'Microsoft.VisualStudio.TestPlatform.Extensions.Html.TestLogger, Version=15.0.0.0, Culture=neutral, PublicKeyToken=b03f5f7f11d50a3a' file path 'C:\Program Files\dotnet\sdk\7.0.403\Extensions\Microsoft.VisualStudio.TestPlatform.Extensions.Html.TestLogger.dll'
TpTrace Information: 0 : 14088, 1, 2024/02/08, 01:24:20.236, 246930785925, vstest.console.dll, GetTestExtensionFromType: Register extension with identifier data 'logger://Microsoft/TestPlatform/HtmlLogger/v1' and type 'Microsoft.VisualStudio.TestPlatform.Extensions.HtmlLogger.HtmlLogger, Microsoft.VisualStudio.TestPlatform.Extensions.Html.TestLogger, Version=15.0.0.0, Culture=neutral, PublicKeyToken=b03f5f7f11d50a3a' inside file 'C:\Program Files\dotnet\sdk\7.0.403\Extensions\Microsoft.VisualStudio.TestPlatform.Extensions.Html.TestLogger.dll'
TpTrace Verbose: 0 : 14088, 1, 2024/02/08, 01:24:20.236, 246930787091, vstest.console.dll, MetadataReaderExtensionsHelper: Discovering extensions inside assembly 'Microsoft.VisualStudio.TestPlatform.Extensions.Trx.TestLogger, Version=15.0.0.0, Culture=neutral, PublicKeyToken=b03f5f7f11d50a3a' file path 'C:\Program Files\dotnet\sdk\7.0.403\Extensions\Microsoft.VisualStudio.TestPlatform.Extensions.Trx.TestLogger.dll'
TpTrace Information: 0 : 14088, 1, 2024/02/08, 01:24:20.236, 246930793887, vstest.console.dll, GetTestExtensionFromType: Register extension with identifier data 'logger://Microsoft/TestPlatform/TrxLogger/v1' and type 'Microsoft.VisualStudio.TestPlatform.Extensions.TrxLogger.TrxLogger, Microsoft.VisualStudio.TestPlatform.Extensions.Trx.TestLogger, Version=15.0.0.0, Culture=neutral, PublicKeyToken=b03f5f7f11d50a3a' inside file 'C:\Program Files\dotnet\sdk\7.0.403\Extensions\Microsoft.VisualStudio.TestPlatform.Extensions.Trx.TestLogger.dll'
TpTrace Verbose: 0 : 14088, 1, 2024/02/08, 01:24:20.236, 246930795266, vstest.console.dll, TestPluginCache: Discovered the extensions using extension path ''.
TpTrace Verbose: 0 : 14088, 1, 2024/02/08, 01:24:20.237, 246930795934, vstest.console.dll, TestPluginCache: Discoverers are ''.
TpTrace Verbose: 0 : 14088, 1, 2024/02/08, 01:24:20.237, 246930796464, vstest.console.dll, TestPluginCache: Executors are ''.
TpTrace Verbose: 0 : 14088, 1, 2024/02/08, 01:24:20.237, 246930796970, vstest.console.dll, TestPluginCache: Executors2 are ''.
TpTrace Verbose: 0 : 14088, 1, 2024/02/08, 01:24:20.237, 246930797464, vstest.console.dll, TestPluginCache: Setting providers are ''.
TpTrace Verbose: 0 : 14088, 1, 2024/02/08, 01:24:20.237, 246930798479, vstest.console.dll, TestPluginCache: Loggers are 'logger://Microsoft/TestPlatform/Extensions/Blame/v1,logger://Microsoft/TestPlatform/HtmlLogger/v1,logger://Microsoft/TestPlatform/TrxLogger/v1'.
TpTrace Verbose: 0 : 14088, 1, 2024/02/08, 01:24:20.237, 246930799194, vstest.console.dll, TestPluginCache: TestHosts are 'HostProvider://DefaultTestHost,HostProvider://DotnetTestHost'.
TpTrace Verbose: 0 : 14088, 1, 2024/02/08, 01:24:20.237, 246930799746, vstest.console.dll, TestPluginCache: DataCollectors are ''.
TpTrace Information: 0 : 14088, 1, 2024/02/08, 01:24:20.238, 246930810900, vstest.console.dll, TestPluginManager.CreateTestExtension: Attempting to load test extension: Microsoft.TestPlatform.Extensions.BlameDataCollector.BlameLogger
TpTrace Verbose: 0 : 14088, 1, 2024/02/08, 01:24:20.249, 246930922473, vstest.console.dll, TestEngine: Initializing Parallel Execution as MaxCpuCount is set to: 1
TpTrace Information: 0 : 14088, 1, 2024/02/08, 01:24:20.252, 246930946710, vstest.console.dll, TestPluginManager.CreateTestExtension: Attempting to load test extension: Microsoft.VisualStudio.TestPlatform.CrossPlatEngine.Hosting.DefaultTestHostManager
TpTrace Information: 0 : 14088, 1, 2024/02/08, 01:24:20.254, 246930974991, vstest.console.dll, TestPluginManager.CreateTestExtension: Attempting to load test extension: Microsoft.VisualStudio.TestPlatform.CrossPlatEngine.Hosting.DotnetTestHostManager
TpTrace Information: 0 : 14088, 1, 2024/02/08, 01:24:20.255, 246930983937, vstest.console.dll, InferRunSettingsHelper.IsTestSettingsEnabled: Unable to navigate to RunSettings/MSTest. Current node: RunSettings
TpTrace Verbose: 0 : 14088, 1, 2024/02/08, 01:24:20.256, 246930993277, vstest.console.dll, ParallelOperationManager.ClearSlots: Clearing all slots. Slots should accept more work: True
TpTrace Verbose: 0 : 14088, 1, 2024/02/08, 01:24:20.257, 246931004082, vstest.console.dll, ParallelOperationManager.SetOccupiedSlotCount: Setting slot counts AvailableSlotCount = 1, OccupiedSlotCount = 0.
TpTrace Verbose: 0 : 14088, 1, 2024/02/08, 01:24:20.258, 246931009892, vstest.console.dll, Occupied slots:

TpTrace Verbose: 0 : 14088, 1, 2024/02/08, 01:24:20.262, 246931049855, vstest.console.dll, TestEngine.GetExecutionManager: Chosen execution manager 'Microsoft.VisualStudio.TestPlatform.CrossPlatEngine.Client.Parallel.ParallelProxyExecutionManager, Microsoft.TestPlatform.CrossPlatEngine, Version=15.0.0.0, Culture=neutral, PublicKeyToken=b03f5f7f11d50a3a' ParallelLevel '1'.
TpTrace Verbose: 0 : 14088, 1, 2024/02/08, 01:24:20.262, 246931051773, vstest.console.dll, TestRunRequest.ExecuteAsync: Creating test run request.
TpTrace Verbose: 0 : 14088, 1, 2024/02/08, 01:24:20.262, 246931054746, vstest.console.dll, TestRunRequest.ExecuteAsync: Starting.
TpTrace Information: 0 : 14088, 1, 2024/02/08, 01:24:20.263, 246931058934, vstest.console.dll, TestRunRequest.ExecuteAsync: Starting run with settings:TestRunCriteria:
   KeepAlive=False,FrequencyOfRunStatsChangeEvent=10,RunStatsChangeEventTimeout=00:00:01.5000000,TestCaseFilter=,TestExecutorLauncher=
   Settingsxml=<RunSettings>
  <RunConfiguration>
    <ResultsDirectory>D:\Shubham Mali\Projects\CIG test\Solution\Git\MinesweeperApp\MineSweeper.Tests\bin\Debug\net6.0\fine-code-coverage\coverage-tool-output</ResultsDirectory>
    <TargetPlatform>X64</TargetPlatform>
    <TargetFrameworkVersion>.NETCoreApp,Version=v6.0</TargetFrameworkVersion>
    <DesignMode>False</DesignMode>
    <CollectSourceInformation>False</CollectSourceInformation>
  </RunConfiguration>
  <LoggerRunSettings>
    <Loggers>
      <Logger friendlyName="blame" enabled="True" />
      <Logger friendlyName="Console" uri="logger://microsoft/TestPlatform/ConsoleLogger/v1" assemblyQualifiedName="Microsoft.VisualStudio.TestPlatform.CommandLine.Internal.ConsoleLogger, vstest.console, Version=15.0.0.0, Culture=neutral, PublicKeyToken=b03f5f7f11d50a3a" codeBase="C:\Program Files\dotnet\sdk\7.0.403\vstest.console.dll" enabled="True" />
    </Loggers>
  </LoggerRunSettings>
  <DataCollectionRunSettings>
    <DataCollectors>
      <DataCollector friendlyName="blame" enabled="True">
        <Configuration>
          <ResultsDirectory>D:\Shubham Mali\Projects\CIG test\Solution\Git\MinesweeperApp\MineSweeper.Tests\bin\Debug\net6.0\fine-code-coverage\coverage-tool-output</ResultsDirectory>
        </Configuration>
      </DataCollector>
    </DataCollectors>
  </DataCollectionRunSettings>
</RunSettings>

TpTrace Verbose: 0 : 14088, 1, 2024/02/08, 01:24:20.263, 246931059840, vstest.console.dll, TestRunRequest.ExecuteAsync: Wait for the first run request is over.
TpTrace Verbose: 0 : 14088, 1, 2024/02/08, 01:24:20.263, 246931063407, vstest.console.dll, MulticastDelegateUtilities.SafeInvoke: TestRun.TestRunStart: Invoking callbacks was skipped because there are no subscribers.
TpTrace Verbose: 0 : 14088, 4, 2024/02/08, 01:24:20.264, 246931065723, vstest.console.dll, MulticastDelegateUtilities.SafeInvoke: InternalTestLoggerEvents.SendTestRunStart: Invoking callback 1/1 for Microsoft.VisualStudio.TestPlatform.CommandLine.Internal.ConsoleLogger., took 0 ms.
TpTrace Verbose: 0 : 14088, 1, 2024/02/08, 01:24:20.265, 246931080037, vstest.console.dll, ParallelProxyExecutionManager: Start execution. Total sources: 1
TpTrace Verbose: 0 : 14088, 1, 2024/02/08, 01:24:20.265, 246931084536, vstest.console.dll, ParallelOperationManager.StartWork: Starting adding 1 workloads.
TpTrace Verbose: 0 : 14088, 1, 2024/02/08, 01:24:20.266, 246931086493, vstest.console.dll, ParallelOperationManager.ClearSlots: Clearing all slots. Slots should accept more work: True
TpTrace Verbose: 0 : 14088, 1, 2024/02/08, 01:24:20.266, 246931087576, vstest.console.dll, ParallelOperationManager.SetOccupiedSlotCount: Setting slot counts AvailableSlotCount = 1, OccupiedSlotCount = 0.
TpTrace Verbose: 0 : 14088, 1, 2024/02/08, 01:24:20.266, 246931088272, vstest.console.dll, Occupied slots:

TpTrace Verbose: 0 : 14088, 1, 2024/02/08, 01:24:20.268, 246931107953, vstest.console.dll, TestRequestSender is acting as server.
TpTrace Verbose: 0 : 14088, 1, 2024/02/08, 01:24:20.269, 246931124348, vstest.console.dll, ParallelOperationManager.RunWorkInParallel: Adding 1 workload to slot, remaining workloads 0.
TpTrace Verbose: 0 : 14088, 1, 2024/02/08, 01:24:20.270, 246931125495, vstest.console.dll, ParallelOperationManager.SetOccupiedSlotCount: Setting slot counts AvailableSlotCount = 0, OccupiedSlotCount = 1.
TpTrace Verbose: 0 : 14088, 1, 2024/02/08, 01:24:20.270, 246931127170, vstest.console.dll, Occupied slots:
0: D:\Shubham Mali\Projects\CIG test\Solution\Git\MinesweeperApp\MineSweeper.Tests\bin\Debug\net6.0\fine-code-coverage\build-output\MineSweeper.Tests.dll
TpTrace Verbose: 0 : 14088, 1, 2024/02/08, 01:24:20.271, 246931141709, vstest.console.dll, ParallelOperationManager.RunWorkInParallel: Started host in slot number 0 for work (source): D:\Shubham Mali\Projects\CIG test\Solution\Git\MinesweeperApp\MineSweeper.Tests\bin\Debug\net6.0\fine-code-coverage\build-output\MineSweeper.Tests.dll.
TpTrace Verbose: 0 : 14088, 1, 2024/02/08, 01:24:20.273, 246931155372, vstest.console.dll, ParallelOperationManager.RunWorkInParallel: We started 1 work items, which is the max parallel level. Won't start more work.
TpTrace Verbose: 0 : 14088, 1, 2024/02/08, 01:24:20.273, 246931156381, vstest.console.dll, ParallelOperationManager.RunWorkInParallel: We started 1 work items in here, returning True.
TpTrace Information: 0 : 14088, 1, 2024/02/08, 01:24:20.273, 246931157087, vstest.console.dll, TestRunRequest.ExecuteAsync: Started.
TpTrace Verbose: 0 : 14088, 1, 2024/02/08, 01:24:20.273, 246931158220, vstest.console.dll, TestRunRequest.WaitForCompletion: Waiting with timeout -1.
TpTrace Verbose: 0 : 14088, 5, 2024/02/08, 01:24:20.273, 246931158728, vstest.console.dll, ParallelProxyExecutionManager.StartTestRunOnConcurrentManager: Initializing uninitialized client. Started clients: 0
TpTrace Verbose: 0 : 14088, 5, 2024/02/08, 01:24:20.273, 246931162056, vstest.console.dll, DataCollectionRequestSender.InitializeCommunication : Initialize communication. 
TpTrace Information: 0 : 14088, 5, 2024/02/08, 01:24:20.288, 246931315185, vstest.console.dll, Listening on Endpoint : 127.0.0.1:62715
TpTrace Verbose: 0 : 14088, 5, 2024/02/08, 01:24:20.298, 246931407059, vstest.console.dll, DotnetDataCollectionLauncher: Adding  --runtimeconfig "C:\Program Files\dotnet\sdk\7.0.403\datacollector.runtimeconfig.json" in args
TpTrace Verbose: 0 : 14088, 5, 2024/02/08, 01:24:20.298, 246931409493, vstest.console.dll, DotnetDataCollectionLauncher: Adding  --depsfile "C:\Program Files\dotnet\sdk\7.0.403\datacollector.deps.json" in args
TpTrace Verbose: 0 : 14088, 5, 2024/02/08, 01:24:20.298, 246931414239, vstest.console.dll, DotnetDataCollectionLauncher: Full path of dotnet.exe is C:\Program Files\dotnet\dotnet.exe
TpTrace Information: 0 : 14088, 5, 2024/02/08, 01:24:20.355, 246931984970, vstest.console.dll, ProxyDataCollectionManager.Initialize: Launched datacollector processId: 18296 port: 62715
TpTrace Information: 0 : 14088, 5, 2024/02/08, 01:24:20.356, 246931987057, vstest.console.dll, ProxyDataCollectionManager.Initialize: waiting for connection with timeout: 90 seconds
TpTrace Verbose: 0 : 14088, 5, 2024/02/08, 01:24:20.356, 246931988298, vstest.console.dll, DataCollectionRequestSender.WaitForRequestHandlerConnection : Waiting for connection with timeout: 90000
TpTrace Information: 0 : 14088, 7, 2024/02/08, 01:24:20.769, 246936117216, vstest.console.dll, Using the buffer size of 16384 bytes
TpTrace Verbose: 0 : 14088, 5, 2024/02/08, 01:24:20.769, 246936117375, vstest.console.dll, SocketCommunicationManager.WaitForClientConnection took: 412 ms, with 90000 ms timeout, and finished with True.
TpTrace Information: 0 : 14088, 7, 2024/02/08, 01:24:20.769, 246936119238, vstest.console.dll, Accepted Client request and set the flag
TpTrace Verbose: 0 : 14088, 5, 2024/02/08, 01:24:20.769, 246936120815, vstest.console.dll, ProxyDataCollectionManager.InvokeDataCollectionServiceAction: Starting.
TpTrace Information: 0 : 14088, 5, 2024/02/08, 01:24:20.769, 246936122718, vstest.console.dll, ProxyDataCollectionManager.BeforeTestRunStart: Get environment variable and port for datacollector processId: 18296 port: 62715
TpTrace Verbose: 0 : 14088, 5, 2024/02/08, 01:24:20.769, 246936124921, vstest.console.dll, DataCollectionRequestSender.SendBeforeTestRunStartAndGetResult: Send BeforeTestRunStart message with settingsXml <RunSettings><RunConfiguration><ResultsDirectory>D:\Shubham Mali\Projects\CIG test\Solution\Git\MinesweeperApp\MineSweeper.Tests\bin\Debug\net6.0\fine-code-coverage\coverage-tool-output</ResultsDirectory><TargetPlatform>X64</TargetPlatform><TargetFrameworkVersion>.NETCoreApp,Version=v6.0</TargetFrameworkVersion><DesignMode>False</DesignMode><CollectSourceInformation>False</CollectSourceInformation><TestAdaptersPaths>C:\Program Files\dotnet\sdk\7.0.403\Extensions</TestAdaptersPaths></RunConfiguration><LoggerRunSettings><Loggers><Logger friendlyName="blame" enabled="True" /><Logger friendlyName="Console" uri="logger://microsoft/TestPlatform/ConsoleLogger/v1" assemblyQualifiedName="Microsoft.VisualStudio.TestPlatform.CommandLine.Internal.ConsoleLogger, vstest.console, Version=15.0.0.0, Culture=neutral, PublicKeyToken=b03f5f7f11d50a3a" codeBase="C:\Program Files\dotnet\sdk\7.0.403\vstest.console.dll" enabled="True" /></Loggers></LoggerRunSettings><DataCollectionRunSettings><DataCollectors><DataCollector friendlyName="blame" enabled="True"><Configuration><ResultsDirectory>D:\Shubham Mali\Projects\CIG test\Solution\Git\MinesweeperApp\MineSweeper.Tests\bin\Debug\net6.0\fine-code-coverage\coverage-tool-output</ResultsDirectory></Configuration></DataCollector></DataCollectors></DataCollectionRunSettings></RunSettings> and sources System.Collections.Generic.List`1[System.String]: 
TpTrace Verbose: 0 : 14088, 5, 2024/02/08, 01:24:20.895, 246937379735, vstest.console.dll, DataCollectionRequestSender.SendBeforeTestRunStartAndGetResult: Received message: (DataCollection.SendMessage) -> {"MessageType":"DataCollection.SendMessage","Payload":{"FriendlyName":null,"Uri":null,"TestCaseId":"00000000-0000-0000-0000-000000000000","Message":"Logging DataCollector Diagnostics in file: D:\\Shubham Mali\\Projects\\CIG test\\Solution\\Git\\MinesweeperApp\\MineSweeper.Tests\\bin\\Debug\\net6.0\\fine-code-coverage\\coverage-tool-output\\diagnostics.datacollector.24-02-08_01-24-20_29776_5.log","Level":0}}
TpTrace Verbose: 0 : 14088, 5, 2024/02/08, 01:24:21.038, 246938811665, vstest.console.dll, DataCollectionRequestSender.SendBeforeTestRunStartAndGetResult: Received message: (DataCollection.BeforeTestRunStartResult) -> {"MessageType":"DataCollection.BeforeTestRunStartResult","Payload":{"EnvironmentVariables":{},"DataCollectionEventsPort":54128}}
TpTrace Information: 0 : 14088, 5, 2024/02/08, 01:24:21.047, 246938896947, vstest.console.dll, ProxyDataCollectionManager.BeforeTestRunStart: SendBeforeTestRunStartAndGetResult successful, env variable from datacollector:   and testhost port: 54128
TpTrace Information: 0 : 14088, 5, 2024/02/08, 01:24:21.047, 246938898741, vstest.console.dll, ProxyDataCollectionManager.InvokeDataCollectionServiceAction: Completed.
TpTrace Verbose: 0 : 14088, 5, 2024/02/08, 01:24:21.047, 246938899745, vstest.console.dll, ParallelProxyExecutionManager.StartTestRunOnConcurrentManager: Initializing test run. Started clients: 0
TpTrace Verbose: 0 : 14088, 5, 2024/02/08, 01:24:21.047, 246938901587, vstest.console.dll, ProxyExecutionManager: Test host is always Lazy initialize.
TpTrace Verbose: 0 : 14088, 5, 2024/02/08, 01:24:21.048, 246938905900, vstest.console.dll, TestRequestSender.InitializeCommunication: initialize communication. 
TpTrace Information: 0 : 14088, 5, 2024/02/08, 01:24:21.048, 246938915007, vstest.console.dll, SocketServer.Start: Listening on endpoint : 127.0.0.1:54129
TpTrace Verbose: 0 : 14088, 5, 2024/02/08, 01:24:21.050, 246938931055, vstest.console.dll, DotnetTestHostmanager.GetTestHostProcessStartInfo: Platform environment 'X64' target architecture 'X64' framework '.NETCoreApp,Version=v6.0' OS 'Windows'
TpTrace Verbose: 0 : 14088, 5, 2024/02/08, 01:24:21.050, 246938935066, vstest.console.dll, DotnetTestHostmanager: Adding  --runtimeconfig "D:\Shubham Mali\Projects\CIG test\Solution\Git\MinesweeperApp\MineSweeper.Tests\bin\Debug\net6.0\fine-code-coverage\build-output\MineSweeper.Tests.runtimeconfig.json" in args
TpTrace Verbose: 0 : 14088, 5, 2024/02/08, 01:24:21.051, 246938937515, vstest.console.dll, DotnetTestHostmanager: Adding  --depsfile "D:\Shubham Mali\Projects\CIG test\Solution\Git\MinesweeperApp\MineSweeper.Tests\bin\Debug\net6.0\fine-code-coverage\build-output\MineSweeper.Tests.deps.json" in args
TpTrace Verbose: 0 : 14088, 5, 2024/02/08, 01:24:21.051, 246938941489, vstest.console.dll, DotnetTestHostmanager.IsWinOnArm: Current PROCESSOR_ARCHITECTURE from environment variable 'AMD64'
TpTrace Verbose: 0 : 14088, 5, 2024/02/08, 01:24:21.051, 246938942859, vstest.console.dll, DotnetTestHostmanager.IsWinOnArm: Is Windows on ARM 'False'
TpTrace Verbose: 0 : 14088, 5, 2024/02/08, 01:24:21.051, 246938944654, vstest.console.dll, DotnetTestHostManager: testhost.exe found at path: D:\Shubham Mali\Projects\CIG test\Solution\Git\MinesweeperApp\MineSweeper.Tests\bin\Debug\net6.0\fine-code-coverage\build-output\testhost.exe
TpTrace Verbose: 0 : 14088, 5, 2024/02/08, 01:24:21.052, 246938945735, vstest.console.dll, DotnetTestHostmanager: Full path of host exe is D:\Shubham Mali\Projects\CIG test\Solution\Git\MinesweeperApp\MineSweeper.Tests\bin\Debug\net6.0\fine-code-coverage\build-output\testhost.exe
TpTrace Verbose: 0 : 14088, 5, 2024/02/08, 01:24:21.052, 246938948069, vstest.console.dll, DotnetTestHostmanager.LaunchTestHostAsync: Found 'VSTEST_WINAPPHOST_DOTNET_ROOT' in env variables, value 'C:\Program Files\dotnet', forwarding to 'DOTNET_ROOT'
TpTrace Verbose: 0 : 14088, 5, 2024/02/08, 01:24:21.052, 246938951276, vstest.console.dll, DotnetTestHostManager: Starting process 'D:\Shubham Mali\Projects\CIG test\Solution\Git\MinesweeperApp\MineSweeper.Tests\bin\Debug\net6.0\fine-code-coverage\build-output\testhost.exe' with command line ' --runtimeconfig "D:\Shubham Mali\Projects\CIG test\Solution\Git\MinesweeperApp\MineSweeper.Tests\bin\Debug\net6.0\fine-code-coverage\build-output\MineSweeper.Tests.runtimeconfig.json" --depsfile "D:\Shubham Mali\Projects\CIG test\Solution\Git\MinesweeperApp\MineSweeper.Tests\bin\Debug\net6.0\fine-code-coverage\build-output\MineSweeper.Tests.deps.json" --port 54129 --endpoint 127.0.0.1:054129 --role client --parentprocessid 14088 --diag "D:\Shubham Mali\Projects\CIG test\Solution\Git\MinesweeperApp\MineSweeper.Tests\bin\Debug\net6.0\fine-code-coverage\coverage-tool-output\diagnostics.host.24-02-08_01-24-21_04980_5.log" --tracelevel 4 --datacollectionport 54128 --telemetryoptedin false'
TpTrace Verbose: 0 : 14088, 5, 2024/02/08, 01:24:21.148, 246939912006, vstest.console.dll, MulticastDelegateUtilities.SafeInvoke: HostProviderEvents.OnHostLaunched: Invoking callback 1/2 for Microsoft.VisualStudio.TestPlatform.CrossPlatEngine.Client.ProxyExecutionManagerWithDataCollection., took 2 ms.
TpTrace Verbose: 0 : 14088, 5, 2024/02/08, 01:24:21.149, 246939916418, vstest.console.dll, Test Runtime launched
TpTrace Verbose: 0 : 14088, 5, 2024/02/08, 01:24:21.149, 246939917830, vstest.console.dll, MulticastDelegateUtilities.SafeInvoke: HostProviderEvents.OnHostLaunched: Invoking callback 2/2 for Microsoft.VisualStudio.TestPlatform.CrossPlatEngine.Client.ProxyOperationManager., took 0 ms.
TpTrace Verbose: 0 : 14088, 5, 2024/02/08, 01:24:21.149, 246939920669, vstest.console.dll, TestRequestSender.WaitForRequestHandlerConnection: waiting for connection with timeout: 90000.
TpTrace Verbose: 0 : 14088, 5, 2024/02/08, 01:24:21.637, 246944796607, vstest.console.dll, TestRequestSender.WaitForRequestHandlerConnection: waiting took 487 ms, with timeout 90000 ms, and result 0, which is success.
TpTrace Verbose: 0 : 14088, 12, 2024/02/08, 01:24:21.637, 246944796607, vstest.console.dll, MulticastDelegateUtilities.SafeInvoke: SocketServer: ClientConnected: Invoking callback 1/1 for Microsoft.VisualStudio.TestPlatform.CommunicationUtilities.TestRequestSender., took 0 ms.
TpTrace Verbose: 0 : 14088, 12, 2024/02/08, 01:24:21.637, 246944799714, vstest.console.dll, SocketServer.OnClientConnected: Client connected for endPoint: 127.0.0.1:54129, starting MessageLoopAsync:
TpTrace Verbose: 0 : 14088, 12, 2024/02/08, 01:24:21.637, 246944805202, vstest.console.dll, TcpClientExtensions.MessageLoopAsync: Polling on remoteEndPoint: 127.0.0.1:54130 localEndPoint: 127.0.0.1:54129
TpTrace Verbose: 0 : 14088, 5, 2024/02/08, 01:24:21.639, 246944816727, vstest.console.dll, TestRequestSender.CheckVersionWithTestHost: Sending check version message: {"MessageType":"ProtocolVersion","Payload":7}
TpTrace Verbose: 0 : 14088, 12, 2024/02/08, 01:24:21.836, 246946788579, vstest.console.dll, TcpClientExtensions.MessageLoopAsync: NotifyDataAvailable remoteEndPoint: 127.0.0.1:54130 localEndPoint: 127.0.0.1:54129
TpTrace Verbose: 0 : 14088, 12, 2024/02/08, 01:24:21.836, 246946791894, vstest.console.dll, TestRequestSender.CheckVersionWithTestHost: onMessageReceived received message: (ProtocolVersion) -> {"MessageType":"ProtocolVersion","Payload":5}
TpTrace Verbose: 0 : 14088, 12, 2024/02/08, 01:24:21.837, 246946800219, vstest.console.dll, MulticastDelegateUtilities.SafeInvoke: LengthPrefixCommunicationChannel: MessageReceived: Invoking callback 1/1 for Microsoft.VisualStudio.TestPlatform.CommunicationUtilities.TestRequestSender+<>c__DisplayClass29_0., took 0 ms.
TpTrace Verbose: 0 : 14088, 5, 2024/02/08, 01:24:21.837, 246946801306, vstest.console.dll, TestPluginCache.GetExtensionPaths: Filtered extension paths: 
TpTrace Verbose: 0 : 14088, 12, 2024/02/08, 01:24:21.837, 246946801741, vstest.console.dll, TcpClientExtensions.MessageLoopAsync: Polling on remoteEndPoint: 127.0.0.1:54130 localEndPoint: 127.0.0.1:54129
TpTrace Verbose: 0 : 14088, 5, 2024/02/08, 01:24:21.837, 246946802357, vstest.console.dll, TestPluginCache.GetExtensionPaths: Added default extension paths: C:\Program Files\dotnet\sdk\7.0.403\Extensions\Microsoft.Diagnostics.NETCore.Client.dll
C:\Program Files\dotnet\sdk\7.0.403\Extensions\Microsoft.TestPlatform.Extensions.BlameDataCollector.dll
C:\Program Files\dotnet\sdk\7.0.403\Extensions\Microsoft.TestPlatform.Extensions.EventLogCollector.dll
C:\Program Files\dotnet\sdk\7.0.403\Extensions\Microsoft.TestPlatform.TestHostRuntimeProvider.dll
C:\Program Files\dotnet\sdk\7.0.403\Extensions\Microsoft.VisualStudio.TestPlatform.Extensions.Html.TestLogger.dll
C:\Program Files\dotnet\sdk\7.0.403\Extensions\Microsoft.VisualStudio.TestPlatform.Extensions.Trx.TestLogger.dll
TpTrace Verbose: 0 : 14088, 5, 2024/02/08, 01:24:21.837, 246946803946, vstest.console.dll, TestPluginCache.GetExtensionPaths: Added unfilterableExtensionPaths: 
TpTrace Verbose: 0 : 14088, 5, 2024/02/08, 01:24:21.843, 246946855459, vstest.console.dll, TestRequestSender.InitializeExecution: Sending initialize execution with message: {"Version":5,"MessageType":"TestExecution.Initialize","Payload":["D:\\Shubham Mali\\Projects\\CIG test\\Solution\\Git\\MinesweeperApp\\MineSweeper.Tests\\bin\\Debug\\net6.0\\fine-code-coverage\\build-output\\xunit.runner.visualstudio.dotnetcore.testadapter.dll"]}
TpTrace Verbose: 0 : 14088, 5, 2024/02/08, 01:24:21.843, 246946859135, vstest.console.dll, ParallelProxyExecutionManager.StartTestRunOnConcurrentManager: Execution starting. Started clients: 1
TpTrace Verbose: 0 : 14088, 5, 2024/02/08, 01:24:21.843, 246946863549, vstest.console.dll, TestRunRequest:SendTestRunMessage: Starting.
TpTrace Verbose: 0 : 14088, 5, 2024/02/08, 01:24:21.844, 246946865755, vstest.console.dll, MulticastDelegateUtilities.SafeInvoke: TestRun.LogMessages: Invoking callback 1/1 for Microsoft.VisualStudio.TestPlatform.CommandLine.TestRunResultAggregator., took 0 ms.
TpTrace Information: 0 : 14088, 5, 2024/02/08, 01:24:21.844, 246946866662, vstest.console.dll, TestRunRequest:SendTestRunMessage: Completed.
TpTrace Verbose: 0 : 14088, 4, 2024/02/08, 01:24:21.844, 246946868020, vstest.console.dll, MulticastDelegateUtilities.SafeInvoke: InternalTestLoggerEvents.SendTestRunMessage: Invoking callback 1/1 for Microsoft.VisualStudio.TestPlatform.CommandLine.Internal.ConsoleLogger., took 0 ms.
TpTrace Warning: 0 : 14088, 5, 2024/02/08, 01:24:21.844, 246946873091, vstest.console.dll, InferRunSettingsHelper.MakeRunsettingsCompatible: Removing the following settings: TargetPlatform from RunSettings file. To use those settings please move to latest version of Microsoft.NET.Test.Sdk
TpTrace Verbose: 0 : 14088, 12, 2024/02/08, 01:24:21.848, 246946910816, vstest.console.dll, TcpClientExtensions.MessageLoopAsync: NotifyDataAvailable remoteEndPoint: 127.0.0.1:54130 localEndPoint: 127.0.0.1:54129
TpTrace Verbose: 0 : 14088, 12, 2024/02/08, 01:24:21.848, 246946915244, vstest.console.dll, TestRequestSender.OnExecutionMessageReceived: Received message: {"Version":5,"MessageType":"TestSession.Message","Payload":{"MessageLevel":0,"Message":"Logging TestHost Diagnostics in file: D:\\Shubham Mali\\Projects\\CIG test\\Solution\\Git\\MinesweeperApp\\MineSweeper.Tests\\bin\\Debug\\net6.0\\fine-code-coverage\\coverage-tool-output\\diagnostics.host.24-02-08_01-24-21_04980_5.log"}}
TpTrace Verbose: 0 : 14088, 12, 2024/02/08, 01:24:21.851, 246946940389, vstest.console.dll, TestRunRequest:SendTestRunMessage: Starting.
TpTrace Verbose: 0 : 14088, 12, 2024/02/08, 01:24:21.851, 246946942518, vstest.console.dll, MulticastDelegateUtilities.SafeInvoke: TestRun.LogMessages: Invoking callback 1/1 for Microsoft.VisualStudio.TestPlatform.CommandLine.TestRunResultAggregator., took 0 ms.
TpTrace Verbose: 0 : 14088, 4, 2024/02/08, 01:24:21.851, 246946942597, vstest.console.dll, MulticastDelegateUtilities.SafeInvoke: InternalTestLoggerEvents.SendTestRunMessage: Invoking callback 1/1 for Microsoft.VisualStudio.TestPlatform.CommandLine.Internal.ConsoleLogger., took 0 ms.
TpTrace Information: 0 : 14088, 12, 2024/02/08, 01:24:21.851, 246946943372, vstest.console.dll, TestRunRequest:SendTestRunMessage: Completed.
TpTrace Verbose: 0 : 14088, 12, 2024/02/08, 01:24:21.852, 246946945376, vstest.console.dll, MulticastDelegateUtilities.SafeInvoke: LengthPrefixCommunicationChannel: MessageReceived: Invoking callback 1/1 for Microsoft.VisualStudio.TestPlatform.CommunicationUtilities.TestRequestSender+<>c__DisplayClass34_0., took 3 ms.
TpTrace Verbose: 0 : 14088, 12, 2024/02/08, 01:24:21.852, 246946946448, vstest.console.dll, TcpClientExtensions.MessageLoopAsync: Polling on remoteEndPoint: 127.0.0.1:54130 localEndPoint: 127.0.0.1:54129
TpTrace Verbose: 0 : 14088, 5, 2024/02/08, 01:24:21.856, 246946988682, vstest.console.dll, TestRequestSender.StartTestRun: Sending test run with message: {"Version":5,"MessageType":"TestExecution.StartWithSources","Payload":{"AdapterSourceMap":{"_none_":["D:\\Shubham Mali\\Projects\\CIG test\\Solution\\Git\\MinesweeperApp\\MineSweeper.Tests\\bin\\Debug\\net6.0\\fine-code-coverage\\build-output\\MineSweeper.Tests.dll"]},"RunSettings":"<RunSettings>\r\n  <RunConfiguration>\r\n    <ResultsDirectory>D:\\Shubham Mali\\Projects\\CIG test\\Solution\\Git\\MinesweeperApp\\MineSweeper.Tests\\bin\\Debug\\net6.0\\fine-code-coverage\\coverage-tool-output</ResultsDirectory>\r\n    <TargetFrameworkVersion>.NETCoreApp,Version=v6.0</TargetFrameworkVersion>\r\n    <DesignMode>False</DesignMode>\r\n    <CollectSourceInformation>False</CollectSourceInformation>\r\n  </RunConfiguration>\r\n  <LoggerRunSettings>\r\n    <Loggers>\r\n      <Logger friendlyName=\"blame\" enabled=\"True\" />\r\n      <Logger friendlyName=\"Console\" uri=\"logger://microsoft/TestPlatform/ConsoleLogger/v1\" assemblyQualifiedName=\"Microsoft.VisualStudio.TestPlatform.CommandLine.Internal.ConsoleLogger, vstest.console, Version=15.0.0.0, Culture=neutral, PublicKeyToken=b03f5f7f11d50a3a\" codeBase=\"C:\\Program Files\\dotnet\\sdk\\7.0.403\\vstest.console.dll\" enabled=\"True\" />\r\n    </Loggers>\r\n  </LoggerRunSettings>\r\n  <DataCollectionRunSettings>\r\n    <DataCollectors>\r\n      <DataCollector friendlyName=\"blame\" enabled=\"True\">\r\n        <Configuration>\r\n          <ResultsDirectory>D:\\Shubham Mali\\Projects\\CIG test\\Solution\\Git\\MinesweeperApp\\MineSweeper.Tests\\bin\\Debug\\net6.0\\fine-code-coverage\\coverage-tool-output</ResultsDirectory>\r\n        </Configuration>\r\n      </DataCollector>\r\n    </DataCollectors>\r\n  </DataCollectionRunSettings>\r\n</RunSettings>","TestExecutionContext":{"FrequencyOfRunStatsChangeEvent":10,"RunStatsChangeEventTimeout":"00:00:01.5000000","InIsolation":false,"KeepAlive":false,"AreTestCaseLevelEventsRequired":false,"IsDebug":false,"TestCaseFilter":null,"FilterOptions":null},"Package":null}}
TpTrace Verbose: 0 : 14088, 5, 2024/02/08, 01:24:21.856, 246946991392, vstest.console.dll, ParallelProxyExecutionManager.StartTestRunOnConcurrentManager: Execution started. Started clients: 1
TpTrace Verbose: 0 : 14088, 12, 2024/02/08, 01:24:22.048, 246948905940, vstest.console.dll, TcpClientExtensions.MessageLoopAsync: NotifyDataAvailable remoteEndPoint: 127.0.0.1:54130 localEndPoint: 127.0.0.1:54129
TpTrace Verbose: 0 : 14088, 12, 2024/02/08, 01:24:22.048, 246948907989, vstest.console.dll, TestRequestSender.OnExecutionMessageReceived: Received message: {"Version":5,"MessageType":"TestSession.Message","Payload":{"MessageLevel":0,"Message":"[xUnit.net 00:00:00.00] xUnit.net VSTest Adapter v2.4.3+1b45f5407b (64-bit .NET 6.0.26)"}}
TpTrace Verbose: 0 : 14088, 12, 2024/02/08, 01:24:22.048, 246948911315, vstest.console.dll, TestRunRequest:SendTestRunMessage: Starting.
TpTrace Verbose: 0 : 14088, 12, 2024/02/08, 01:24:22.048, 246948912185, vstest.console.dll, MulticastDelegateUtilities.SafeInvoke: TestRun.LogMessages: Invoking callback 1/1 for Microsoft.VisualStudio.TestPlatform.CommandLine.TestRunResultAggregator., took 0 ms.
TpTrace Information: 0 : 14088, 12, 2024/02/08, 01:24:22.048, 246948912736, vstest.console.dll, TestRunRequest:SendTestRunMessage: Completed.
TpTrace Verbose: 0 : 14088, 12, 2024/02/08, 01:24:22.048, 246948913253, vstest.console.dll, MulticastDelegateUtilities.SafeInvoke: LengthPrefixCommunicationChannel: MessageReceived: Invoking callback 1/1 for Microsoft.VisualStudio.TestPlatform.CommunicationUtilities.TestRequestSender+<>c__DisplayClass34_0., took 0 ms.
TpTrace Verbose: 0 : 14088, 4, 2024/02/08, 01:24:22.048, 246948912829, vstest.console.dll, MulticastDelegateUtilities.SafeInvoke: InternalTestLoggerEvents.SendTestRunMessage: Invoking callback 1/1 for Microsoft.VisualStudio.TestPlatform.CommandLine.Internal.ConsoleLogger., took 0 ms.
TpTrace Verbose: 0 : 14088, 12, 2024/02/08, 01:24:22.048, 246948913832, vstest.console.dll, TcpClientExtensions.MessageLoopAsync: Polling on remoteEndPoint: 127.0.0.1:54130 localEndPoint: 127.0.0.1:54129
TpTrace Verbose: 0 : 14088, 12, 2024/02/08, 01:24:22.814, 246956567298, vstest.console.dll, TcpClientExtensions.MessageLoopAsync: NotifyDataAvailable remoteEndPoint: 127.0.0.1:54130 localEndPoint: 127.0.0.1:54129
TpTrace Verbose: 0 : 14088, 12, 2024/02/08, 01:24:22.814, 246956569399, vstest.console.dll, TestRequestSender.OnExecutionMessageReceived: Received message: {"Version":5,"MessageType":"TestSession.Message","Payload":{"MessageLevel":0,"Message":"[xUnit.net 00:00:00.77]   Discovering: MineSweeper.Tests"}}
TpTrace Verbose: 0 : 14088, 12, 2024/02/08, 01:24:22.814, 246956570864, vstest.console.dll, TestRunRequest:SendTestRunMessage: Starting.
TpTrace Verbose: 0 : 14088, 12, 2024/02/08, 01:24:22.814, 246956571665, vstest.console.dll, MulticastDelegateUtilities.SafeInvoke: TestRun.LogMessages: Invoking callback 1/1 for Microsoft.VisualStudio.TestPlatform.CommandLine.TestRunResultAggregator., took 0 ms.
TpTrace Information: 0 : 14088, 12, 2024/02/08, 01:24:22.814, 246956572153, vstest.console.dll, TestRunRequest:SendTestRunMessage: Completed.
TpTrace Verbose: 0 : 14088, 12, 2024/02/08, 01:24:22.814, 246956572616, vstest.console.dll, MulticastDelegateUtilities.SafeInvoke: LengthPrefixCommunicationChannel: MessageReceived: Invoking callback 1/1 for Microsoft.VisualStudio.TestPlatform.CommunicationUtilities.TestRequestSender+<>c__DisplayClass34_0., took 0 ms.
TpTrace Verbose: 0 : 14088, 4, 2024/02/08, 01:24:22.814, 246956572276, vstest.console.dll, MulticastDelegateUtilities.SafeInvoke: InternalTestLoggerEvents.SendTestRunMessage: Invoking callback 1/1 for Microsoft.VisualStudio.TestPlatform.CommandLine.Internal.ConsoleLogger., took 0 ms.
TpTrace Verbose: 0 : 14088, 12, 2024/02/08, 01:24:22.814, 246956573076, vstest.console.dll, TcpClientExtensions.MessageLoopAsync: Polling on remoteEndPoint: 127.0.0.1:54130 localEndPoint: 127.0.0.1:54129
TpTrace Verbose: 0 : 14088, 12, 2024/02/08, 01:24:22.854, 246956970557, vstest.console.dll, TcpClientExtensions.MessageLoopAsync: NotifyDataAvailable remoteEndPoint: 127.0.0.1:54130 localEndPoint: 127.0.0.1:54129
TpTrace Verbose: 0 : 14088, 12, 2024/02/08, 01:24:22.854, 246956972362, vstest.console.dll, TestRequestSender.OnExecutionMessageReceived: Received message: {"Version":5,"MessageType":"TestSession.Message","Payload":{"MessageLevel":0,"Message":"[xUnit.net 00:00:00.81]   Discovered:  MineSweeper.Tests"}}
TpTrace Verbose: 0 : 14088, 12, 2024/02/08, 01:24:22.854, 246956973821, vstest.console.dll, TestRunRequest:SendTestRunMessage: Starting.
TpTrace Verbose: 0 : 14088, 12, 2024/02/08, 01:24:22.854, 246956974589, vstest.console.dll, MulticastDelegateUtilities.SafeInvoke: TestRun.LogMessages: Invoking callback 1/1 for Microsoft.VisualStudio.TestPlatform.CommandLine.TestRunResultAggregator., took 0 ms.
TpTrace Verbose: 0 : 14088, 4, 2024/02/08, 01:24:22.854, 246956974863, vstest.console.dll, MulticastDelegateUtilities.SafeInvoke: InternalTestLoggerEvents.SendTestRunMessage: Invoking callback 1/1 for Microsoft.VisualStudio.TestPlatform.CommandLine.Internal.ConsoleLogger., took 0 ms.
TpTrace Information: 0 : 14088, 12, 2024/02/08, 01:24:22.854, 246956975081, vstest.console.dll, TestRunRequest:SendTestRunMessage: Completed.
TpTrace Verbose: 0 : 14088, 12, 2024/02/08, 01:24:22.855, 246956976730, vstest.console.dll, MulticastDelegateUtilities.SafeInvoke: LengthPrefixCommunicationChannel: MessageReceived: Invoking callback 1/1 for Microsoft.VisualStudio.TestPlatform.CommunicationUtilities.TestRequestSender+<>c__DisplayClass34_0., took 0 ms.
TpTrace Verbose: 0 : 14088, 12, 2024/02/08, 01:24:22.855, 246956977256, vstest.console.dll, TcpClientExtensions.MessageLoopAsync: Polling on remoteEndPoint: 127.0.0.1:54130 localEndPoint: 127.0.0.1:54129
TpTrace Verbose: 0 : 14088, 12, 2024/02/08, 01:24:22.857, 246956997200, vstest.console.dll, TcpClientExtensions.MessageLoopAsync: NotifyDataAvailable remoteEndPoint: 127.0.0.1:54130 localEndPoint: 127.0.0.1:54129
TpTrace Verbose: 0 : 14088, 12, 2024/02/08, 01:24:22.857, 246956998412, vstest.console.dll, TestRequestSender.OnExecutionMessageReceived: Received message: {"Version":5,"MessageType":"TestSession.Message","Payload":{"MessageLevel":0,"Message":"[xUnit.net 00:00:00.81]   Starting:    MineSweeper.Tests"}}
TpTrace Verbose: 0 : 14088, 12, 2024/02/08, 01:24:22.857, 246956999571, vstest.console.dll, TestRunRequest:SendTestRunMessage: Starting.
TpTrace Verbose: 0 : 14088, 12, 2024/02/08, 01:24:22.857, 246957000264, vstest.console.dll, MulticastDelegateUtilities.SafeInvoke: TestRun.LogMessages: Invoking callback 1/1 for Microsoft.VisualStudio.TestPlatform.CommandLine.TestRunResultAggregator., took 0 ms.
TpTrace Information: 0 : 14088, 12, 2024/02/08, 01:24:22.857, 246957000779, vstest.console.dll, TestRunRequest:SendTestRunMessage: Completed.
TpTrace Verbose: 0 : 14088, 12, 2024/02/08, 01:24:22.857, 246957001365, vstest.console.dll, MulticastDelegateUtilities.SafeInvoke: LengthPrefixCommunicationChannel: MessageReceived: Invoking callback 1/1 for Microsoft.VisualStudio.TestPlatform.CommunicationUtilities.TestRequestSender+<>c__DisplayClass34_0., took 0 ms.
TpTrace Verbose: 0 : 14088, 12, 2024/02/08, 01:24:22.857, 246957001817, vstest.console.dll, TcpClientExtensions.MessageLoopAsync: Polling on remoteEndPoint: 127.0.0.1:54130 localEndPoint: 127.0.0.1:54129
TpTrace Verbose: 0 : 14088, 4, 2024/02/08, 01:24:22.857, 246957000971, vstest.console.dll, MulticastDelegateUtilities.SafeInvoke: InternalTestLoggerEvents.SendTestRunMessage: Invoking callback 1/1 for Microsoft.VisualStudio.TestPlatform.CommandLine.Internal.ConsoleLogger., took 0 ms.
TpTrace Verbose: 0 : 14088, 12, 2024/02/08, 01:24:23.072, 246959154429, vstest.console.dll, TcpClientExtensions.MessageLoopAsync: NotifyDataAvailable remoteEndPoint: 127.0.0.1:54130 localEndPoint: 127.0.0.1:54129
TpTrace Verbose: 0 : 14088, 12, 2024/02/08, 01:24:23.073, 246959159560, vstest.console.dll, TestRequestSender.OnExecutionMessageReceived: Received message: {"Version":5,"MessageType":"TestExecution.StatsChange","Payload":{"NewTestResults":[{"TestCase":{"Id":"3fb311c0-b04d-fa75-6c3d-05d94a3b3b57","FullyQualifiedName":"MineSweeper.Tests.MinesweeperGameTests.MinesweeperGame_RevealCell_MineAtCell_GameWon","DisplayName":"MineSweeper.Tests.MinesweeperGameTests.MinesweeperGame_RevealCell_MineAtCell_GameWon","ExecutorUri":"executor://xunit/VsTestRunner2/netcoreapp","Source":"D:\\Shubham Mali\\Projects\\CIG test\\Solution\\Git\\MinesweeperApp\\MineSweeper.Tests\\bin\\Debug\\net6.0\\fine-code-coverage\\build-output\\MineSweeper.Tests.dll","CodeFilePath":null,"LineNumber":0,"Properties":[]},"Attachments":[],"Outcome":1,"ErrorMessage":null,"ErrorStackTrace":null,"DisplayName":"MineSweeper.Tests.MinesweeperGameTests.MinesweeperGame_RevealCell_MineAtCell_GameWon","Messages":[],"ComputerName":"NCSIN05H81KT2C0","Duration":"00:00:00.0062271","StartTime":"2024-02-07T19:54:22.9417583+00:00","EndTime":"2024-02-07T19:54:22.9417914+00:00","Properties":[]},{"TestCase":{"Id":"71099d84-5b0f-21fa-656b-ce268814cd64","FullyQualifiedName":"MineSweeper.Tests.MinesweeperGameTests.MinesweeperGame_RevealCell_MineAtCell_GameOver","DisplayName":"MineSweeper.Tests.MinesweeperGameTests.MinesweeperGame_RevealCell_MineAtCell_GameOver","ExecutorUri":"executor://xunit/VsTestRunner2/netcoreapp","Source":"D:\\Shubham Mali\\Projects\\CIG test\\Solution\\Git\\MinesweeperApp\\MineSweeper.Tests\\bin\\Debug\\net6.0\\fine-code-coverage\\build-output\\MineSweeper.Tests.dll","CodeFilePath":null,"LineNumber":0,"Properties":[]},"Attachments":[],"Outcome":1,"ErrorMessage":null,"ErrorStackTrace":null,"DisplayName":"MineSweeper.Tests.MinesweeperGameTests.MinesweeperGame_RevealCell_MineAtCell_GameOver","Messages":[],"ComputerName":"NCSIN05H81KT2C0","Duration":"00:00:00.0002553","StartTime":"2024-02-07T19:54:22.9641437+00:00","EndTime":"2024-02-07T19:54:22.9641439+00:00","Properties":[]},{"TestCase":{"Id":"db52b96e-513a-2a27-48bf-fe1ad27362e1","FullyQualifiedName":"MineSweeper.Tests.MinesweeperGameTests.MinesweeperGame_GetMinefieldDisplay_ReturnsCorrectDisplay","DisplayName":"MineSweeper.Tests.MinesweeperGameTests.MinesweeperGame_GetMinefieldDisplay_ReturnsCorrectDisplay","ExecutorUri":"executor://xunit/VsTestRunner2/netcoreapp","Source":"D:\\Shubham Mali\\Projects\\CIG test\\Solution\\Git\\MinesweeperApp\\MineSweeper.Tests\\bin\\Debug\\net6.0\\fine-code-coverage\\build-output\\MineSweeper.Tests.dll","CodeFilePath":null,"LineNumber":0,"Properties":[]},"Attachments":[],"Outcome":1,"ErrorMessage":null,"ErrorStackTrace":null,"DisplayName":"MineSweeper.Tests.MinesweeperGameTests.MinesweeperGame_GetMinefieldDisplay_ReturnsCorrectDisplay","Messages":[],"ComputerName":"NCSIN05H81KT2C0","Duration":"00:00:00.0020852","StartTime":"2024-02-07T19:54:22.9673339+00:00","EndTime":"2024-02-07T19:54:22.967334+00:00","Properties":[]},{"TestCase":{"Id":"c5f44972-a9c6-9953-41ef-533bddae41ca","FullyQualifiedName":"MineSweeper.Tests.MinesweeperGameTests.MinesweeperGame_Initialize_ValidInputs_Success","DisplayName":"MineSweeper.Tests.MinesweeperGameTests.MinesweeperGame_Initialize_ValidInputs_Success","ExecutorUri":"executor://xunit/VsTestRunner2/netcoreapp","Source":"D:\\Shubham Mali\\Projects\\CIG test\\Solution\\Git\\MinesweeperApp\\MineSweeper.Tests\\bin\\Debug\\net6.0\\fine-code-coverage\\build-output\\MineSweeper.Tests.dll","CodeFilePath":null,"LineNumber":0,"Properties":[]},"Attachments":[],"Outcome":1,"ErrorMessage":null,"ErrorStackTrace":null,"DisplayName":"MineSweeper.Tests.MinesweeperGameTests.MinesweeperGame_Initialize_ValidInputs_Success","Messages":[],"ComputerName":"NCSIN05H81KT2C0","Duration":"00:00:00.0028934","StartTime":"2024-02-07T19:54:22.9695112+00:00","EndTime":"2024-02-07T19:54:22.9695114+00:00","Properties":[]},{"TestCase":{"Id":"a1b1e4fe-d9cf-9832-2275-ea37e260b52f","FullyQualifiedName":"MineSweeper.Tests.MinesweeperServiceTests.MinesweeperService_InitializeGame_ValidInputs_Success","DisplayName":"MineSweeper.Tests.MinesweeperServiceTests.MinesweeperService_InitializeGame_ValidInputs_Success","ExecutorUri":"executor://xunit/VsTestRunner2/netcoreapp","Source":"D:\\Shubham Mali\\Projects\\CIG test\\Solution\\Git\\MinesweeperApp\\MineSweeper.Tests\\bin\\Debug\\net6.0\\fine-code-coverage\\build-output\\MineSweeper.Tests.dll","CodeFilePath":null,"LineNumber":0,"Properties":[]},"Attachments":[],"Outcome":1,"ErrorMessage":null,"ErrorStackTrace":null,"DisplayName":"MineSweeper.Tests.MinesweeperServiceTests.MinesweeperService_InitializeGame_ValidInputs_Success","Messages":[],"ComputerName":"NCSIN05H81KT2C0","Duration":"00:00:00.0912303","StartTime":"2024-02-07T19:54:23.0120133+00:00","EndTime":"2024-02-07T19:54:23.0120136+00:00","Properties":[]},{"TestCase":{"Id":"8febc748-7f0a-a4b4-dc04-434ab0e462c5","FullyQualifiedName":"MineSweeper.Tests.MinesweeperServiceTests.MinesweeperService_GetMinefieldDisplay_ReturnsCorrectDisplay","DisplayName":"MineSweeper.Tests.MinesweeperServiceTests.MinesweeperService_GetMinefieldDisplay_ReturnsCorrectDisplay","ExecutorUri":"executor://xunit/VsTestRunner2/netcoreapp","Source":"D:\\Shubham Mali\\Projects\\CIG test\\Solution\\Git\\MinesweeperApp\\MineSweeper.Tests\\bin\\Debug\\net6.0\\fine-code-coverage\\build-output\\MineSweeper.Tests.dll","CodeFilePath":null,"LineNumber":0,"Properties":[]},"Attachments":[],"Outcome":1,"ErrorMessage":null,"ErrorStackTrace":null,"DisplayName":"MineSweeper.Tests.MinesweeperServiceTests.MinesweeperService_GetMinefieldDisplay_ReturnsCorrectDisplay","Messages":[],"ComputerName":"NCSIN05H81KT2C0","Duration":"00:00:00.0001983","StartTime":"2024-02-07T19:54:23.0147185+00:00","EndTime":"2024-02-07T19:54:23.0147186+00:00","Properties":[]},{"TestCase":{"Id":"98757d1c-12ee-6e1b-86a1-1545a1d42b54","FullyQualifiedName":"MineSweeper.Tests.MinesweeperServiceTests.MinesweeperService_RevealCell_MineAtCell","DisplayName":"MineSweeper.Tests.MinesweeperServiceTests.MinesweeperService_RevealCell_MineAtCell","ExecutorUri":"executor://xunit/VsTestRunner2/netcoreapp","Source":"D:\\Shubham Mali\\Projects\\CIG test\\Solution\\Git\\MinesweeperApp\\MineSweeper.Tests\\bin\\Debug\\net6.0\\fine-code-coverage\\build-output\\MineSweeper.Tests.dll","CodeFilePath":null,"LineNumber":0,"Properties":[]},"Attachments":[],"Outcome":1,"ErrorMessage":null,"ErrorStackTrace":null,"DisplayName":"MineSweeper.Tests.MinesweeperServiceTests.MinesweeperService_RevealCell_MineAtCell","Messages":[],"ComputerName":"NCSIN05H81KT2C0","Duration":"00:00:00.0002255","StartTime":"2024-02-07T19:54:23.0170023+00:00","EndTime":"2024-02-07T19:54:23.0170025+00:00","Properties":[]},{"TestCase":{"Id":"50deb565-d00e-8449-a083-ea79844f3102","FullyQualifiedName":"MineSweeper.Tests.MinesweeperServiceTests.MinesweeperService_RevealCell_NoMineAtCell","DisplayName":"MineSweeper.Tests.MinesweeperServiceTests.MinesweeperService_RevealCell_NoMineAtCell","ExecutorUri":"executor://xunit/VsTestRunner2/netcoreapp","Source":"D:\\Shubham Mali\\Projects\\CIG test\\Solution\\Git\\MinesweeperApp\\MineSweeper.Tests\\bin\\Debug\\net6.0\\fine-code-coverage\\build-output\\MineSweeper.Tests.dll","CodeFilePath":null,"LineNumber":0,"Properties":[]},"Attachments":[],"Outcome":1,"ErrorMessage":null,"ErrorStackTrace":null,"DisplayName":"MineSweeper.Tests.MinesweeperServiceTests.MinesweeperService_RevealCell_NoMineAtCell","Messages":[],"ComputerName":"NCSIN05H81KT2C0","Duration":"00:00:00.0002509","StartTime":"2024-02-07T19:54:23.0191086+00:00","EndTime":"2024-02-07T19:54:23.0191087+00:00","Properties":[]},{"TestCase":{"Id":"29224457-9199-3b7e-a1c0-34a1521e7fad","FullyQualifiedName":"MineSweeper.Tests.GameControllerTests.GameController_StartNewGame_GetGridSize_DisplayIncorrectInput","DisplayName":"MineSweeper.Tests.GameControllerTests.GameController_StartNewGame_GetGridSize_DisplayIncorrectInput","ExecutorUri":"executor://xunit/VsTestRunner2/netcoreapp","Source":"D:\\Shubham Mali\\Projects\\CIG test\\Solution\\Git\\MinesweeperApp\\MineSweeper.Tests\\bin\\Debug\\net6.0\\fine-code-coverage\\build-output\\MineSweeper.Tests.dll","CodeFilePath":null,"LineNumber":0,"Properties":[]},"Attachments":[],"Outcome":1,"ErrorMessage":null,"ErrorStackTrace":null,"DisplayName":"MineSweeper.Tests.GameControllerTests.GameController_StartNewGame_GetGridSize_DisplayIncorrectInput","Messages":[],"ComputerName":"NCSIN05H81KT2C0","Duration":"00:00:00.1227748","StartTime":"2024-02-07T19:54:23.0435491+00:00","EndTime":"2024-02-07T19:54:23.0435494+00:00","Properties":[]}],"TestRunStatistics":{"ExecutedTests":9,"Stats":{"Passed":9}},"ActiveTests":[{"Id":"5025c15c-a971-9dc1-cae1-f3095190c303","FullyQualifiedName":"MineSweeper.Tests.GameControllerTests.GameController_StartNewGame_GetNumberOfMines_DisplayIncorrectInput","DisplayName":"MineSweeper.Tests.GameControllerTests.GameController_StartNewGame_GetNumberOfMines_DisplayIncorrectInput","ExecutorUri":"executor://xunit/VsTestRunner2/netcoreapp","Source":"D:\\Shubham Mali\\Projects\\CIG test\\Solution\\Git\\MinesweeperApp\\MineSweeper.Tests\\bin\\Debug\\net6.0\\fine-code-coverage\\build-output\\MineSweeper.Tests.dll","CodeFilePath":null,"LineNumber":0,"Properties":[]}]}}
TpTrace Verbose: 0 : 14088, 12, 2024/02/08, 01:24:23.094, 246959374752, vstest.console.dll, TestRunRequest:SendTestRunStatsChange: Starting.
TpTrace Verbose: 0 : 14088, 12, 2024/02/08, 01:24:23.095, 246959377622, vstest.console.dll, InProgress is MineSweeper.Tests.GameControllerTests.GameController_StartNewGame_GetNumberOfMines_DisplayIncorrectInput
TpTrace Verbose: 0 : 14088, 12, 2024/02/08, 01:24:23.095, 246959381090, vstest.console.dll, MulticastDelegateUtilities.SafeInvoke: TestRun.RunStatsChanged: Invoking callbacks was skipped because there are no subscribers.
TpTrace Information: 0 : 14088, 12, 2024/02/08, 01:24:23.095, 246959381674, vstest.console.dll, TestRunRequest:SendTestRunStatsChange: Completed.
TpTrace Verbose: 0 : 14088, 12, 2024/02/08, 01:24:23.095, 246959382176, vstest.console.dll, MulticastDelegateUtilities.SafeInvoke: LengthPrefixCommunicationChannel: MessageReceived: Invoking callback 1/1 for Microsoft.VisualStudio.TestPlatform.CommunicationUtilities.TestRequestSender+<>c__DisplayClass34_0., took 22 ms.
TpTrace Verbose: 0 : 14088, 12, 2024/02/08, 01:24:23.095, 246959382683, vstest.console.dll, TcpClientExtensions.MessageLoopAsync: Polling on remoteEndPoint: 127.0.0.1:54130 localEndPoint: 127.0.0.1:54129
TpTrace Verbose: 0 : 14088, 12, 2024/02/08, 01:24:23.095, 246959383285, vstest.console.dll, TcpClientExtensions.MessageLoopAsync: NotifyDataAvailable remoteEndPoint: 127.0.0.1:54130 localEndPoint: 127.0.0.1:54129
TpTrace Verbose: 0 : 14088, 12, 2024/02/08, 01:24:23.095, 246959384114, vstest.console.dll, TestRequestSender.OnExecutionMessageReceived: Received message: {"Version":5,"MessageType":"TestSession.Message","Payload":{"MessageLevel":0,"Message":"[xUnit.net 00:00:01.04]   Finished:    MineSweeper.Tests"}}
TpTrace Verbose: 0 : 14088, 12, 2024/02/08, 01:24:23.095, 246959385051, vstest.console.dll, TestRunRequest:SendTestRunMessage: Starting.
TpTrace Verbose: 0 : 14088, 12, 2024/02/08, 01:24:23.096, 246959385650, vstest.console.dll, MulticastDelegateUtilities.SafeInvoke: TestRun.LogMessages: Invoking callback 1/1 for Microsoft.VisualStudio.TestPlatform.CommandLine.TestRunResultAggregator., took 0 ms.
TpTrace Information: 0 : 14088, 12, 2024/02/08, 01:24:23.096, 246959386095, vstest.console.dll, TestRunRequest:SendTestRunMessage: Completed.
TpTrace Verbose: 0 : 14088, 12, 2024/02/08, 01:24:23.096, 246959386511, vstest.console.dll, MulticastDelegateUtilities.SafeInvoke: LengthPrefixCommunicationChannel: MessageReceived: Invoking callback 1/1 for Microsoft.VisualStudio.TestPlatform.CommunicationUtilities.TestRequestSender+<>c__DisplayClass34_0., took 0 ms.
TpTrace Verbose: 0 : 14088, 12, 2024/02/08, 01:24:23.096, 246959386956, vstest.console.dll, TcpClientExtensions.MessageLoopAsync: Polling on remoteEndPoint: 127.0.0.1:54130 localEndPoint: 127.0.0.1:54129
TpTrace Verbose: 0 : 14088, 4, 2024/02/08, 01:24:23.099, 246959417737, vstest.console.dll, MulticastDelegateUtilities.SafeInvoke: InternalTestLoggerEvents.SendTestResult: Invoking callback 1/1 for Microsoft.VisualStudio.TestPlatform.CommandLine.Internal.ConsoleLogger., took 3 ms.
TpTrace Verbose: 0 : 14088, 4, 2024/02/08, 01:24:23.099, 246959420598, vstest.console.dll, MulticastDelegateUtilities.SafeInvoke: InternalTestLoggerEvents.SendTestResult: Invoking callback 1/1 for Microsoft.VisualStudio.TestPlatform.CommandLine.Internal.ConsoleLogger., took 0 ms.
TpTrace Verbose: 0 : 14088, 12, 2024/02/08, 01:24:23.099, 246959420749, vstest.console.dll, TcpClientExtensions.MessageLoopAsync: NotifyDataAvailable remoteEndPoint: 127.0.0.1:54130 localEndPoint: 127.0.0.1:54129
TpTrace Verbose: 0 : 14088, 4, 2024/02/08, 01:24:23.099, 246959421599, vstest.console.dll, MulticastDelegateUtilities.SafeInvoke: InternalTestLoggerEvents.SendTestResult: Invoking callback 1/1 for Microsoft.VisualStudio.TestPlatform.CommandLine.Internal.ConsoleLogger., took 0 ms.
TpTrace Verbose: 0 : 14088, 4, 2024/02/08, 01:24:23.099, 246959423265, vstest.console.dll, MulticastDelegateUtilities.SafeInvoke: InternalTestLoggerEvents.SendTestResult: Invoking callback 1/1 for Microsoft.VisualStudio.TestPlatform.CommandLine.Internal.ConsoleLogger., took 0 ms.
TpTrace Verbose: 0 : 14088, 4, 2024/02/08, 01:24:23.099, 246959423994, vstest.console.dll, MulticastDelegateUtilities.SafeInvoke: InternalTestLoggerEvents.SendTestResult: Invoking callback 1/1 for Microsoft.VisualStudio.TestPlatform.CommandLine.Internal.ConsoleLogger., took 0 ms.
TpTrace Verbose: 0 : 14088, 4, 2024/02/08, 01:24:23.099, 246959424636, vstest.console.dll, MulticastDelegateUtilities.SafeInvoke: InternalTestLoggerEvents.SendTestResult: Invoking callback 1/1 for Microsoft.VisualStudio.TestPlatform.CommandLine.Internal.ConsoleLogger., took 0 ms.
TpTrace Verbose: 0 : 14088, 4, 2024/02/08, 01:24:23.099, 246959425223, vstest.console.dll, MulticastDelegateUtilities.SafeInvoke: InternalTestLoggerEvents.SendTestResult: Invoking callback 1/1 for Microsoft.VisualStudio.TestPlatform.CommandLine.Internal.ConsoleLogger., took 0 ms.
TpTrace Verbose: 0 : 14088, 4, 2024/02/08, 01:24:23.100, 246959425864, vstest.console.dll, MulticastDelegateUtilities.SafeInvoke: InternalTestLoggerEvents.SendTestResult: Invoking callback 1/1 for Microsoft.VisualStudio.TestPlatform.CommandLine.Internal.ConsoleLogger., took 0 ms.
TpTrace Verbose: 0 : 14088, 4, 2024/02/08, 01:24:23.100, 246959426615, vstest.console.dll, MulticastDelegateUtilities.SafeInvoke: InternalTestLoggerEvents.SendTestResult: Invoking callback 1/1 for Microsoft.VisualStudio.TestPlatform.CommandLine.Internal.ConsoleLogger., took 0 ms.
TpTrace Verbose: 0 : 14088, 12, 2024/02/08, 01:24:23.099, 246959423448, vstest.console.dll, TestRequestSender.OnExecutionMessageReceived: Received message: {"Version":5,"MessageType":"TestExecution.Completed","Payload":{"TestRunCompleteArgs":{"TestRunStatistics":{"ExecutedTests":13,"Stats":{"Passed":13}},"IsCanceled":false,"IsAborted":false,"Error":null,"AttachmentSets":[],"ElapsedTimeInRunningTests":"00:00:01.0569442","Metrics":{}},"LastRunTests":{"NewTestResults":[{"TestCase":{"Id":"5025c15c-a971-9dc1-cae1-f3095190c303","FullyQualifiedName":"MineSweeper.Tests.GameControllerTests.GameController_StartNewGame_GetNumberOfMines_DisplayIncorrectInput","DisplayName":"MineSweeper.Tests.GameControllerTests.GameController_StartNewGame_GetNumberOfMines_DisplayIncorrectInput","ExecutorUri":"executor://xunit/VsTestRunner2/netcoreapp","Source":"D:\\Shubham Mali\\Projects\\CIG test\\Solution\\Git\\MinesweeperApp\\MineSweeper.Tests\\bin\\Debug\\net6.0\\fine-code-coverage\\build-output\\MineSweeper.Tests.dll","CodeFilePath":null,"LineNumber":0,"Properties":[]},"Attachments":[],"Outcome":1,"ErrorMessage":null,"ErrorStackTrace":null,"DisplayName":"MineSweeper.Tests.GameControllerTests.GameController_StartNewGame_GetNumberOfMines_DisplayIncorrectInput","Messages":[],"ComputerName":"NCSIN05H81KT2C0","Duration":"00:00:00.0046837","StartTime":"2024-02-07T19:54:23.074516+00:00","EndTime":"2024-02-07T19:54:23.0745162+00:00","Properties":[]},{"TestCase":{"Id":"d5a3b92c-ec21-7e7a-3636-fa062bf5e0d9","FullyQualifiedName":"MineSweeper.Tests.GameControllerTests.GameController_StartNewGame_GameOver_DisplayGameOverMessage","DisplayName":"MineSweeper.Tests.GameControllerTests.GameController_StartNewGame_GameOver_DisplayGameOverMessage","ExecutorUri":"executor://xunit/VsTestRunner2/netcoreapp","Source":"D:\\Shubham Mali\\Projects\\CIG test\\Solution\\Git\\MinesweeperApp\\MineSweeper.Tests\\bin\\Debug\\net6.0\\fine-code-coverage\\build-output\\MineSweeper.Tests.dll","CodeFilePath":null,"LineNumber":0,"Properties":[]},"Attachments":[],"Outcome":1,"ErrorMessage":null,"ErrorStackTrace":null,"DisplayName":"MineSweeper.Tests.GameControllerTests.GameController_StartNewGame_GameOver_DisplayGameOverMessage","Messages":[],"ComputerName":"NCSIN05H81KT2C0","Duration":"00:00:00.0007846","StartTime":"2024-02-07T19:54:23.077096+00:00","EndTime":"2024-02-07T19:54:23.0770962+00:00","Properties":[]},{"TestCase":{"Id":"f6b645df-3c7b-177b-6bda-ba7b95c38433","FullyQualifiedName":"MineSweeper.Tests.GameControllerTests.GameController_StartNewGame_GetSelectedCell_DisplayIncorrectInput","DisplayName":"MineSweeper.Tests.GameControllerTests.GameController_StartNewGame_GetSelectedCell_DisplayIncorrectInput","ExecutorUri":"executor://xunit/VsTestRunner2/netcoreapp","Source":"D:\\Shubham Mali\\Projects\\CIG test\\Solution\\Git\\MinesweeperApp\\MineSweeper.Tests\\bin\\Debug\\net6.0\\fine-code-coverage\\build-output\\MineSweeper.Tests.dll","CodeFilePath":null,"LineNumber":0,"Properties":[]},"Attachments":[],"Outcome":1,"ErrorMessage":null,"ErrorStackTrace":null,"DisplayName":"MineSweeper.Tests.GameControllerTests.GameController_StartNewGame_GetSelectedCell_DisplayIncorrectInput","Messages":[],"ComputerName":"NCSIN05H81KT2C0","Duration":"00:00:00.0009761","StartTime":"2024-02-07T19:54:23.0796102+00:00","EndTime":"2024-02-07T19:54:23.0796104+00:00","Properties":[]},{"TestCase":{"Id":"15f3d58f-35ca-d20f-489b-8dcface62a93","FullyQualifiedName":"MineSweeper.Tests.GameControllerTests.GameController_StartNewGame_GameWon_DisplayGameWonMessage","DisplayName":"MineSweeper.Tests.GameControllerTests.GameController_StartNewGame_GameWon_DisplayGameWonMessage","ExecutorUri":"executor://xunit/VsTestRunner2/netcoreapp","Source":"D:\\Shubham Mali\\Projects\\CIG test\\Solution\\Git\\MinesweeperApp\\MineSweeper.Tests\\bin\\Debug\\net6.0\\fine-code-coverage\\build-output\\MineSweeper.Tests.dll","CodeFilePath":null,"LineNumber":0,"Properties":[]},"Attachments":[],"Outcome":1,"ErrorMessage":null,"ErrorStackTrace":null,"DisplayName":"MineSweeper.Tests.GameControllerTests.GameController_StartNewGame_GameWon_DisplayGameWonMessage","Messages":[],"ComputerName":"NCSIN05H81KT2C0","Duration":"00:00:00.0018349","StartTime":"2024-02-07T19:54:23.0820157+00:00","EndTime":"2024-02-07T19:54:23.0820158+00:00","Properties":[]}],"TestRunStatistics":{"ExecutedTests":13,"Stats":{"Passed":13}},"ActiveTests":[]},"RunAttachments":[],"ExecutorUris":["executor://xunit/VsTestRunner2/netcoreapp"]}}
TpTrace Verbose: 0 : 14088, 12, 2024/02/08, 01:24:23.100, 246959428626, vstest.console.dll, TestRequestSender.EndSession: Sending end session.
TpTrace Verbose: 0 : 14088, 4, 2024/02/08, 01:24:23.100, 246959427214, vstest.console.dll, MulticastDelegateUtilities.SafeInvoke: InternalTestLoggerEvents.SendTestRunMessage: Invoking callback 1/1 for Microsoft.VisualStudio.TestPlatform.CommandLine.Internal.ConsoleLogger., took 0 ms.
TpTrace Verbose: 0 : 14088, 12, 2024/02/08, 01:24:23.100, 246959430262, vstest.console.dll, ProxyOperationManager.Close: waiting for test host to exit for 100 ms
TpTrace Verbose: 0 : 14088, 11, 2024/02/08, 01:24:23.141, 246959845291, vstest.console.dll, TestHostManagerCallbacks.ctor: Experimental forwarding output is disabled.
TpTrace Warning: 0 : 14088, 11, 2024/02/08, 01:24:23.142, 246959846494, vstest.console.dll, TestHostManagerCallbacks.ErrorReceivedCallback Test host standard error line: 
TpTrace Verbose: 0 : 14088, 11, 2024/02/08, 01:24:23.156, 246959991407, vstest.console.dll, TestHostProvider.ExitCallBack: Host exited starting callback.
TpTrace Information: 0 : 14088, 11, 2024/02/08, 01:24:23.156, 246959993666, vstest.console.dll, TestHostManagerCallbacks.ExitCallBack: Testhost processId: 4824 exited with exitcode: 0 error: ''
TpTrace Verbose: 0 : 14088, 11, 2024/02/08, 01:24:23.156, 246959994329, vstest.console.dll, DotnetTestHostManager.OnHostExited: invoking OnHostExited callback
TpTrace Verbose: 0 : 14088, 11, 2024/02/08, 01:24:23.156, 246959995011, vstest.console.dll, CrossPlatEngine.TestHostManagerHostExited: calling on client process exit callback.
TpTrace Information: 0 : 14088, 11, 2024/02/08, 01:24:23.157, 246959995706, vstest.console.dll, TestRequestSender.OnClientProcessExit: Test host process exited. Standard error: 
TpTrace Information: 0 : 14088, 11, 2024/02/08, 01:24:23.157, 246959996265, vstest.console.dll, SocketServer.Stop: Stop server endPoint: 127.0.0.1:54129
TpTrace Information: 0 : 14088, 11, 2024/02/08, 01:24:23.157, 246959996751, vstest.console.dll, SocketServer.Stop: Cancellation requested. Stopping message loop.
TpTrace Information: 0 : 14088, 12, 2024/02/08, 01:24:23.157, 246959997342, vstest.console.dll, SocketServer.Stop: Stop server endPoint: 127.0.0.1:54129
TpTrace Information: 0 : 14088, 12, 2024/02/08, 01:24:23.157, 246959998124, vstest.console.dll, SocketServer.Stop: Cancellation requested. Stopping message loop.
TpTrace Verbose: 0 : 14088, 11, 2024/02/08, 01:24:23.157, 246959997726, vstest.console.dll, MulticastDelegateUtilities.SafeInvoke: HostProviderEvents.OnHostExited: Invoking callback 1/1 for Microsoft.VisualStudio.TestPlatform.CrossPlatEngine.Client.ProxyOperationManager., took 0 ms.
TpTrace Information: 0 : 14088, 12, 2024/02/08, 01:24:23.157, 246959998739, vstest.console.dll, Closing the connection
TpTrace Verbose: 0 : 14088, 12, 2024/02/08, 01:24:23.157, 246960002491, vstest.console.dll, ProxyDataCollectionManager.InvokeDataCollectionServiceAction: Starting.
TpTrace Information: 0 : 14088, 12, 2024/02/08, 01:24:23.157, 246960003166, vstest.console.dll, ProxyDataCollectionManager.AfterTestRunEnd: Get attachment set and invoked data collectors processId: 18296 port: 62715
TpTrace Verbose: 0 : 14088, 12, 2024/02/08, 01:24:23.157, 246960003830, vstest.console.dll, DataCollectionRequestSender.SendAfterTestRunStartAndGetResult: Send AfterTestRunEnd message with isCancelled: False
TpTrace Verbose: 0 : 14088, 12, 2024/02/08, 01:24:23.168, 246960112586, vstest.console.dll, DataCollectionRequestSender.SendAfterTestRunStartAndGetResult: Received message: (DataCollection.AfterTestRunEndResult) -> {"MessageType":"DataCollection.AfterTestRunEndResult","Payload":{"AttachmentSets":[],"InvokedDataCollectors":[{"Uri":"datacollector://Microsoft/TestPlatform/Extensions/Blame/v1","FriendlyName":"Blame","AssemblyQualifiedName":"Microsoft.TestPlatform.Extensions.BlameDataCollector.BlameCollector, Microsoft.TestPlatform.Extensions.BlameDataCollector, Version=15.0.0.0, Culture=neutral, PublicKeyToken=b03f5f7f11d50a3a","FilePath":"C:\\Program Files\\dotnet\\sdk\\7.0.403\\Extensions\\Microsoft.TestPlatform.Extensions.BlameDataCollector.dll","HasAttachmentProcessor":false}],"Metrics":{}}}
TpTrace Information: 0 : 14088, 12, 2024/02/08, 01:24:23.174, 246960167898, vstest.console.dll, ProxyDataCollectionManager.InvokeDataCollectionServiceAction: Completed.
TpTrace Warning: 0 : 14088, 10, 2024/02/08, 01:24:23.209, 246960518782, vstest.console.dll, DataCollectionLauncher.ErrorReceivedCallback datacollector standard error line: 
TpTrace Information: 0 : 14088, 10, 2024/02/08, 01:24:23.210, 246960534306, vstest.console.dll, DataCollectionLauncher.ExitCallBack: Data collector exited with exitcode: 0 error: ''
TpTrace Verbose: 0 : 14088, 12, 2024/02/08, 01:24:23.221, 246960643017, vstest.console.dll, TestRunRequest:SendTestRunStatsChange: Starting.
TpTrace Verbose: 0 : 14088, 12, 2024/02/08, 01:24:23.221, 246960645005, vstest.console.dll, MulticastDelegateUtilities.SafeInvoke: TestRun.RunStatsChanged: Invoking callbacks was skipped because there are no subscribers.
TpTrace Information: 0 : 14088, 12, 2024/02/08, 01:24:23.222, 246960645708, vstest.console.dll, TestRunRequest:SendTestRunStatsChange: Completed.
TpTrace Verbose: 0 : 14088, 4, 2024/02/08, 01:24:23.222, 246960645908, vstest.console.dll, MulticastDelegateUtilities.SafeInvoke: InternalTestLoggerEvents.SendTestResult: Invoking callback 1/1 for Microsoft.VisualStudio.TestPlatform.CommandLine.Internal.ConsoleLogger., took 0 ms.
TpTrace Verbose: 0 : 14088, 4, 2024/02/08, 01:24:23.222, 246960647688, vstest.console.dll, MulticastDelegateUtilities.SafeInvoke: InternalTestLoggerEvents.SendTestResult: Invoking callback 1/1 for Microsoft.VisualStudio.TestPlatform.CommandLine.Internal.ConsoleLogger., took 0 ms.
TpTrace Verbose: 0 : 14088, 4, 2024/02/08, 01:24:23.222, 246960648340, vstest.console.dll, MulticastDelegateUtilities.SafeInvoke: InternalTestLoggerEvents.SendTestResult: Invoking callback 1/1 for Microsoft.VisualStudio.TestPlatform.CommandLine.Internal.ConsoleLogger., took 0 ms.
TpTrace Verbose: 0 : 14088, 4, 2024/02/08, 01:24:23.222, 246960649021, vstest.console.dll, MulticastDelegateUtilities.SafeInvoke: InternalTestLoggerEvents.SendTestResult: Invoking callback 1/1 for Microsoft.VisualStudio.TestPlatform.CommandLine.Internal.ConsoleLogger., took 0 ms.
TpTrace Verbose: 0 : 14088, 12, 2024/02/08, 01:24:23.222, 246960651483, vstest.console.dll, ParallelProxyExecutionManager: HandlePartialRunComplete: Total workloads = 1, Total started clients = 1 Total completed clients = 1, Run complete = True, Run canceled: False.
TpTrace Verbose: 0 : 14088, 12, 2024/02/08, 01:24:23.222, 246960652235, vstest.console.dll, ParallelProxyExecutionManager: HandlePartialRunComplete: All runs completed stopping all managers.
TpTrace Verbose: 0 : 14088, 12, 2024/02/08, 01:24:23.222, 246960652934, vstest.console.dll, ParallelOperationManager.StopAllManagers: Stopping all managers.
TpTrace Verbose: 0 : 14088, 12, 2024/02/08, 01:24:23.222, 246960653565, vstest.console.dll, ParallelOperationManager.ClearSlots: Clearing all slots. Slots should accept more work: False
TpTrace Verbose: 0 : 14088, 12, 2024/02/08, 01:24:23.222, 246960654397, vstest.console.dll, ParallelOperationManager.SetOccupiedSlotCount: Setting slot counts AvailableSlotCount = 1, OccupiedSlotCount = 0.
TpTrace Verbose: 0 : 14088, 12, 2024/02/08, 01:24:23.222, 246960655256, vstest.console.dll, Occupied slots:

TpTrace Verbose: 0 : 14088, 4, 2024/02/08, 01:24:23.235, 246960778215, vstest.console.dll, MulticastDelegateUtilities.SafeInvoke: InternalTestLoggerEvents.SendTestRunComplete: Invoking callback 1/2 for Microsoft.TestPlatform.Extensions.BlameDataCollector.BlameLogger., took 0 ms.
TpTrace Verbose: 0 : 14088, 4, 2024/02/08, 01:24:23.242, 246960851850, vstest.console.dll, MulticastDelegateUtilities.SafeInvoke: InternalTestLoggerEvents.SendTestRunComplete: Invoking callback 2/2 for Microsoft.VisualStudio.TestPlatform.CommandLine.Internal.ConsoleLogger., took 7 ms.
TpTrace Verbose: 0 : 14088, 12, 2024/02/08, 01:24:23.243, 246960856601, vstest.console.dll, TestRunRequest:TestRunComplete: Starting. IsAborted:False IsCanceled:False.
TpTrace Verbose: 0 : 14088, 12, 2024/02/08, 01:24:23.243, 246960858688, vstest.console.dll, ParallelOperationManager.DoActionOnAllManagers: Calling an action on all managers.
TpTrace Verbose: 0 : 14088, 12, 2024/02/08, 01:24:23.244, 246960871809, vstest.console.dll, TestLoggerManager.HandleTestRunComplete: Ignoring as the object is disposed.
TpTrace Verbose: 0 : 14088, 12, 2024/02/08, 01:24:23.244, 246960874224, vstest.console.dll, MulticastDelegateUtilities.SafeInvoke: TestRun.TestRunComplete: Invoking callback 1/2 for Microsoft.VisualStudio.TestPlatform.CommandLine.TestRunResultAggregator., took 0 ms.
TpTrace Verbose: 0 : 14088, 12, 2024/02/08, 01:24:23.245, 246960875982, vstest.console.dll, MulticastDelegateUtilities.SafeInvoke: TestRun.TestRunComplete: Invoking callback 2/2 for Microsoft.VisualStudio.TestPlatform.CommandLine.Processors.RunTestsArgumentExecutor+TestRunRequestEventsRegistrar., took 0 ms.
TpTrace Information: 0 : 14088, 12, 2024/02/08, 01:24:23.245, 246960877260, vstest.console.dll, TestRunRequest:TestRunComplete: Completed.
TpTrace Verbose: 0 : 14088, 12, 2024/02/08, 01:24:23.245, 246960877868, vstest.console.dll, TestRequestSender.SetOperationComplete: Setting operation complete.
TpTrace Verbose: 0 : 14088, 1, 2024/02/08, 01:24:23.245, 246960878286, vstest.console.dll, TestRunRequest.Dispose: Starting.
TpTrace Information: 0 : 14088, 12, 2024/02/08, 01:24:23.245, 246960878366, vstest.console.dll, SocketServer.Stop: Stop server endPoint: 127.0.0.1:54129
TpTrace Information: 0 : 14088, 12, 2024/02/08, 01:24:23.245, 246960879872, vstest.console.dll, SocketServer.Stop: Cancellation requested. Stopping message loop.
TpTrace Verbose: 0 : 14088, 12, 2024/02/08, 01:24:23.245, 246960880468, vstest.console.dll, MulticastDelegateUtilities.SafeInvoke: LengthPrefixCommunicationChannel: MessageReceived: Invoking callback 1/1 for Microsoft.VisualStudio.TestPlatform.CommunicationUtilities.TestRequestSender+<>c__DisplayClass34_0., took 145 ms.
TpTrace Information: 0 : 14088, 12, 2024/02/08, 01:24:23.245, 246960881074, vstest.console.dll, SocketServer.PrivateStop: Stopping server endPoint: 127.0.0.1:54129 error: 
TpTrace Information: 0 : 14088, 1, 2024/02/08, 01:24:23.245, 246960879209, vstest.console.dll, TestRunRequest.Dispose: Completed.
TpTrace Information: 0 : 14088, 1, 2024/02/08, 01:24:23.245, 246960882343, vstest.console.dll, TestRequestManager.RunTests: run tests completed.
TpTrace Information: 0 : 14088, 1, 2024/02/08, 01:24:23.245, 246960884318, vstest.console.dll, RunTestsArgumentProcessor:Execute: Test run is completed.
TpTrace Verbose: 0 : 14088, 12, 2024/02/08, 01:24:23.246, 246960886594, vstest.console.dll, LengthPrefixCommunicationChannel.Dispose: Dispose reader and writer.
TpTrace Verbose: 0 : 14088, 1, 2024/02/08, 01:24:23.246, 246960886822, vstest.console.dll, Executor.Execute: Exiting with exit code of 0
TpTrace Information: 0 : 14088, 12, 2024/02/08, 01:24:23.246, 246960887515, vstest.console.dll, SocketServer.Stop: Raise disconnected event endPoint: 127.0.0.1:54129 error: 
TpTrace Verbose: 0 : 14088, 12, 2024/02/08, 01:24:23.246, 246960889183, vstest.console.dll, TestRequestSender: OnTestRunAbort: Operation is already complete. Skip error message.
TpTrace Verbose: 0 : 14088, 12, 2024/02/08, 01:24:23.246, 246960889799, vstest.console.dll, MulticastDelegateUtilities.SafeInvoke: SocketServer: ClientDisconnected: Invoking callback 1/1 for Microsoft.VisualStudio.TestPlatform.CommunicationUtilities.TestRequestSender., took 0 ms.
TpTrace Verbose: 0 : 14088, 12, 2024/02/08, 01:24:23.246, 246960890250, vstest.console.dll, TcpClientExtensions.MessageLoopAsync: exiting MessageLoopAsync remoteEndPoint: 127.0.0.1:54130 localEndPoint: 127.0.0.1:54129
